Initialized native services in: /Users/api/.gradle/native
Initialized jansi services in: /Users/api/.gradle/native
Found daemon DaemonInfo{pid=86322, address=[7de0f0f2-00a2-46c2-b259-1b30680d739b port:56730, addresses:[/127.0.0.1]], state=Idle, lastBusy=1775400524994, context=DefaultDaemonContext[uid=3dc8ac03-0315-4f6e-88c7-0c1c702707b3,javaHome=/opt/homebrew/Cellar/openjdk@17/17.0.15/libexec/openjdk.jdk/Contents/Home,javaVersion=17,javaVendor=Homebrew,daemonRegistryDir=/Users/api/.gradle/daemon,pid=86322,idleTimeout=10800000,priority=NORMAL,applyInstrumentationAgent=true,nativeServicesMode=ENABLED,daemonOpts=-Xmx2048M,-Dfile.encoding=UTF-8,-Duser.country=CN,-Duser.language=zh,-Duser.variant]} however its context does not match the desired criteria.
At least one daemon option is different.
Wanted: DaemonRequestContext{jvmCriteria=/opt/homebrew/Cellar/openjdk@17/17.0.15/libexec/openjdk.jdk/Contents/Home (no JDK specified, using current Java home), daemonOpts=[-XX:MaxMetaspaceSize=384m, -XX:+HeapDumpOnOutOfMemoryError, -Xms256m, -Xmx512m, -Dfile.encoding=UTF-8, -Duser.country=CN, -Duser.language=zh, -Duser.variant], applyInstrumentationAgent=true, nativeServicesMode=ENABLED, priority=NORMAL}
Actual: DefaultDaemonContext[uid=3dc8ac03-0315-4f6e-88c7-0c1c702707b3,javaHome=/opt/homebrew/Cellar/openjdk@17/17.0.15/libexec/openjdk.jdk/Contents/Home,javaVersion=17,javaVendor=Homebrew,daemonRegistryDir=/Users/api/.gradle/daemon,pid=86322,idleTimeout=10800000,priority=NORMAL,applyInstrumentationAgent=true,nativeServicesMode=ENABLED,daemonOpts=-Xmx2048M,-Dfile.encoding=UTF-8,-Duser.country=CN,-Duser.language=zh,-Duser.variant]

  Looking for a different daemon...
The client will now receive all logging from the daemon (pid: 33062). The daemon log file: /Users/api/.gradle/daemon/8.13/daemon-33062.out.log
Starting 4th build in daemon [uptime: 2 mins 22.954 secs, performance: 100%, GC rate: 0.00/s, heap usage: 0% of 512 MiB, non-heap usage: 29% of 384 MiB]
Using 12 worker leases.
Now considering [/Users/api/Desktop/itime-rust/harmony-napi-bridge] as hierarchies to watch
Watching the file system is configured to be enabled if available
File system watching is active
Starting Build
Settings evaluated using settings file '/Users/api/Desktop/itime-rust/harmony-napi-bridge/settings.gradle.kts'.
Projects loaded. Root project using build file '/Users/api/Desktop/itime-rust/harmony-napi-bridge/build.gradle.kts'.
Included projects: [root project 'harmony-napi-bridge', project ':harmony-napi-annotations', project ':harmony-napi-ksp-processor', project ':harmony-napi-runtime', project ':sample-plugin']

> Configure project :
Evaluating root project 'harmony-napi-bridge' using build file '/Users/api/Desktop/itime-rust/harmony-napi-bridge/build.gradle.kts'.
Resolved plugin [id: 'org.jetbrains.kotlin.multiplatform', version: '1.9.24', apply: false]
Resolved plugin [id: 'org.jetbrains.kotlin.jvm', version: '1.9.24', apply: false]
Resolved plugin [id: 'org.jetbrains.kotlin.plugin.serialization', version: '1.9.24', apply: false]
Resolved plugin [id: 'com.google.devtools.ksp', version: '1.9.24-1.0.20', apply: false]

> Configure project :harmony-napi-annotations
Evaluating project ':harmony-napi-annotations' using build file '/Users/api/Desktop/itime-rust/harmony-napi-bridge/harmony-napi-annotations/build.gradle.kts'.
Resolved plugin [id: 'org.jetbrains.kotlin.multiplatform']
Using Kotlin Gradle Plugin gradle82 variant
kotlin scripting plugin: created the scripting discovery configuration: kotlinScriptDef
kotlin scripting plugin: created the scripting discovery configuration: testKotlinScriptDef
Kotlin/Native distribution: /Users/api/Desktop/itime-rust/harmony-napi-bridge/.konan/kotlin-native-prebuilt-macos-aarch64-1.9.24

> Configure project :harmony-napi-ksp-processor
Evaluating project ':harmony-napi-ksp-processor' using build file '/Users/api/Desktop/itime-rust/harmony-napi-bridge/harmony-napi-ksp-processor/build.gradle.kts'.
Resolved plugin [id: 'org.jetbrains.kotlin.jvm']
Using Kotlin Gradle Plugin gradle82 variant
kotlin scripting plugin: created the scripting discovery configuration: kotlinScriptDef
kotlin scripting plugin: created the scripting discovery configuration: testKotlinScriptDef

> Configure project :harmony-napi-runtime
Evaluating project ':harmony-napi-runtime' using build file '/Users/api/Desktop/itime-rust/harmony-napi-bridge/harmony-napi-runtime/build.gradle.kts'.
Resolved plugin [id: 'org.jetbrains.kotlin.multiplatform']
Resolved plugin [id: 'org.jetbrains.kotlin.plugin.serialization']
Using Kotlin Gradle Plugin gradle82 variant
Kotlin/Native distribution: /Users/api/Desktop/itime-rust/harmony-napi-bridge/.konan/kotlin-native-prebuilt-macos-aarch64-1.9.24

> Configure project :sample-plugin
Evaluating project ':sample-plugin' using build file '/Users/api/Desktop/itime-rust/harmony-napi-bridge/sample-plugin/build.gradle.kts'.
Resolved plugin [id: 'org.jetbrains.kotlin.multiplatform']
Resolved plugin [id: 'org.jetbrains.kotlin.plugin.serialization']
Resolved plugin [id: 'com.google.devtools.ksp']
Using Kotlin Gradle Plugin gradle82 variant
Kotlin/Native distribution: /Users/api/Desktop/itime-rust/harmony-napi-bridge/.konan/kotlin-native-prebuilt-macos-aarch64-1.9.24
kotlin scripting plugin: created the scripting discovery configuration: kotlinScriptDef
kotlin scripting plugin: created the scripting discovery configuration: testKotlinScriptDef
All projects evaluated.
Task path ':sample-plugin:kspKotlinLinuxArm64' matched project ':sample-plugin'
Task name matched 'kspKotlinLinuxArm64'
Selected primary task 'kspKotlinLinuxArm64' from project :sample-plugin
Tasks to be executed: [task ':harmony-napi-annotations:checkKotlinGradlePluginConfigurationErrors', task ':harmony-napi-annotations:compileKotlinLinuxArm64', task ':harmony-napi-annotations:compileKotlinJvm', task ':harmony-napi-annotations:jvmProcessResources', task ':harmony-napi-annotations:jvmMainClasses', task ':harmony-napi-annotations:jvmJar', task ':harmony-napi-ksp-processor:checkKotlinGradlePluginConfigurationErrors', task ':harmony-napi-ksp-processor:compileKotlin', task ':harmony-napi-ksp-processor:compileJava', task ':harmony-napi-ksp-processor:processResources', task ':harmony-napi-ksp-processor:classes', task ':harmony-napi-ksp-processor:jar', task ':harmony-napi-runtime:cinteropHilogLinuxArm64', task ':harmony-napi-runtime:cinteropNapiLinuxArm64', task ':harmony-napi-runtime:checkKotlinGradlePluginConfigurationErrors', task ':harmony-napi-runtime:compileKotlinLinuxArm64', task ':sample-plugin:checkKotlinGradlePluginConfigurationErrors', task ':sample-plugin:kspKotlinLinuxArm64']
Tasks that were excluded: []
Resolve mutations for :harmony-napi-annotations:checkKotlinGradlePluginConfigurationErrors (Thread[Execution worker,5,main]) started.
:harmony-napi-annotations:checkKotlinGradlePluginConfigurationErrors (Thread[Execution worker,5,main]) started.

> Task :harmony-napi-annotations:checkKotlinGradlePluginConfigurationErrors
Caching disabled for task ':harmony-napi-annotations:checkKotlinGradlePluginConfigurationErrors' because:
  Build cache is disabled
Task ':harmony-napi-annotations:checkKotlinGradlePluginConfigurationErrors' is not up-to-date because:
  Task has not declared any outputs despite executing actions.
Resolve mutations for :harmony-napi-annotations:compileKotlinLinuxArm64 (Thread[Execution worker Thread 10,5,main]) started.
:harmony-napi-annotations:compileKotlinLinuxArm64 (Thread[Execution worker Thread 10,5,main]) started.

> Task :harmony-napi-annotations:compileKotlinLinuxArm64 UP-TO-DATE
Caching disabled for task ':harmony-napi-annotations:compileKotlinLinuxArm64' because:
  Build cache is disabled
Skipping task ':harmony-napi-annotations:compileKotlinLinuxArm64' as it is up-to-date.
work action resolve harmony-napi-annotations.klib (project :harmony-napi-annotations) (Thread[Execution worker Thread 10,5,main]) started.
Resolve mutations for :harmony-napi-annotations:compileKotlinJvm (Thread[Execution worker Thread 10,5,main]) started.
:harmony-napi-annotations:compileKotlinJvm (Thread[Execution worker Thread 10,5,main]) started.

> Task :harmony-napi-annotations:compileKotlinJvm UP-TO-DATE
Caching disabled for task ':harmony-napi-annotations:compileKotlinJvm' because:
  Build cache is disabled
Skipping task ':harmony-napi-annotations:compileKotlinJvm' as it is up-to-date.
Resolve mutations for :harmony-napi-annotations:jvmProcessResources (Thread[Execution worker Thread 10,5,main]) started.
:harmony-napi-annotations:jvmProcessResources (Thread[Execution worker Thread 10,5,main]) started.

> Task :harmony-napi-annotations:jvmProcessResources NO-SOURCE
Skipping task ':harmony-napi-annotations:jvmProcessResources' as it has no source files and no previous output files.
Resolve mutations for :harmony-napi-annotations:jvmMainClasses (Thread[Execution worker Thread 10,5,main]) started.
:harmony-napi-annotations:jvmMainClasses (Thread[Execution worker Thread 10,5,main]) started.

> Task :harmony-napi-annotations:jvmMainClasses UP-TO-DATE
Skipping task ':harmony-napi-annotations:jvmMainClasses' as it has no actions.
Resolve mutations for :harmony-napi-annotations:jvmJar (Thread[Execution worker Thread 10,5,main]) started.
:harmony-napi-annotations:jvmJar (Thread[Execution worker Thread 10,5,main]) started.

> Task :harmony-napi-annotations:jvmJar UP-TO-DATE
Caching disabled for task ':harmony-napi-annotations:jvmJar' because:
  Build cache is disabled
  Not worth caching
Skipping task ':harmony-napi-annotations:jvmJar' as it is up-to-date.
work action resolve harmony-napi-annotations-jvm.jar (project :harmony-napi-annotations) (Thread[Execution worker Thread 10,5,main]) started.
Resolve mutations for :harmony-napi-ksp-processor:checkKotlinGradlePluginConfigurationErrors (Thread[Execution worker Thread 10,5,main]) started.
:harmony-napi-ksp-processor:checkKotlinGradlePluginConfigurationErrors (Thread[Execution worker Thread 10,5,main]) started.

> Task :harmony-napi-ksp-processor:checkKotlinGradlePluginConfigurationErrors
Caching disabled for task ':harmony-napi-ksp-processor:checkKotlinGradlePluginConfigurationErrors' because:
  Build cache is disabled
Task ':harmony-napi-ksp-processor:checkKotlinGradlePluginConfigurationErrors' is not up-to-date because:
  Task has not declared any outputs despite executing actions.
Resolve mutations for :harmony-napi-ksp-processor:compileKotlin (Thread[Execution worker Thread 10,5,main]) started.
:harmony-napi-ksp-processor:compileKotlin (Thread[Execution worker Thread 10,5,main]) started.

> Task :harmony-napi-ksp-processor:compileKotlin UP-TO-DATE
Caching disabled for task ':harmony-napi-ksp-processor:compileKotlin' because:
  Build cache is disabled
Skipping task ':harmony-napi-ksp-processor:compileKotlin' as it is up-to-date.
Resolve mutations for :harmony-napi-ksp-processor:compileJava (Thread[Execution worker Thread 10,5,main]) started.
:harmony-napi-ksp-processor:compileJava (Thread[Execution worker Thread 10,5,main]) started.

> Task :harmony-napi-ksp-processor:compileJava NO-SOURCE
Skipping task ':harmony-napi-ksp-processor:compileJava' as it has no source files and no previous output files.
Resolve mutations for :harmony-napi-ksp-processor:processResources (Thread[Execution worker Thread 10,5,main]) started.
:harmony-napi-ksp-processor:processResources (Thread[Execution worker Thread 10,5,main]) started.

> Task :harmony-napi-ksp-processor:processResources UP-TO-DATE
Caching disabled for task ':harmony-napi-ksp-processor:processResources' because:
  Build cache is disabled
  Not worth caching
Skipping task ':harmony-napi-ksp-processor:processResources' as it is up-to-date.
Resolve mutations for :harmony-napi-ksp-processor:classes (Thread[included builds,5,main]) started.
:harmony-napi-ksp-processor:classes (Thread[included builds,5,main]) started.

> Task :harmony-napi-ksp-processor:classes UP-TO-DATE
Skipping task ':harmony-napi-ksp-processor:classes' as it has no actions.
Resolve mutations for :harmony-napi-ksp-processor:jar (Thread[included builds,5,main]) started.
:harmony-napi-ksp-processor:jar (Thread[included builds,5,main]) started.

> Task :harmony-napi-ksp-processor:jar UP-TO-DATE
Caching disabled for task ':harmony-napi-ksp-processor:jar' because:
  Build cache is disabled
  Not worth caching
Skipping task ':harmony-napi-ksp-processor:jar' as it is up-to-date.
work action resolve harmony-napi-ksp-processor.jar (project :harmony-napi-ksp-processor) (Thread[included builds,5,main]) started.
Resolve mutations for :harmony-napi-runtime:cinteropHilogLinuxArm64 (Thread[included builds,5,main]) started.
:harmony-napi-runtime:cinteropHilogLinuxArm64 (Thread[included builds,5,main]) started.

> Task :harmony-napi-runtime:cinteropHilogLinuxArm64 UP-TO-DATE
Caching disabled for task ':harmony-napi-runtime:cinteropHilogLinuxArm64' because:
  Build cache is disabled
Skipping task ':harmony-napi-runtime:cinteropHilogLinuxArm64' as it is up-to-date.
work action resolve harmony-napi-runtime-cinterop-hilog.klib (project :harmony-napi-runtime) (Thread[included builds,5,main]) started.
Resolve mutations for :harmony-napi-runtime:cinteropNapiLinuxArm64 (Thread[included builds,5,main]) started.
:harmony-napi-runtime:cinteropNapiLinuxArm64 (Thread[included builds,5,main]) started.

> Task :harmony-napi-runtime:cinteropNapiLinuxArm64 UP-TO-DATE
Caching disabled for task ':harmony-napi-runtime:cinteropNapiLinuxArm64' because:
  Build cache is disabled
Skipping task ':harmony-napi-runtime:cinteropNapiLinuxArm64' as it is up-to-date.
work action resolve harmony-napi-runtime-cinterop-napi.klib (project :harmony-napi-runtime) (Thread[included builds,5,main]) started.
Resolve mutations for :harmony-napi-runtime:checkKotlinGradlePluginConfigurationErrors (Thread[included builds,5,main]) started.
:harmony-napi-runtime:checkKotlinGradlePluginConfigurationErrors (Thread[included builds,5,main]) started.

> Task :harmony-napi-runtime:checkKotlinGradlePluginConfigurationErrors
Caching disabled for task ':harmony-napi-runtime:checkKotlinGradlePluginConfigurationErrors' because:
  Build cache is disabled
Task ':harmony-napi-runtime:checkKotlinGradlePluginConfigurationErrors' is not up-to-date because:
  Task has not declared any outputs despite executing actions.
Resolve mutations for :harmony-napi-runtime:compileKotlinLinuxArm64 (Thread[included builds,5,main]) started.
:harmony-napi-runtime:compileKotlinLinuxArm64 (Thread[included builds,5,main]) started.

> Task :harmony-napi-runtime:compileKotlinLinuxArm64 UP-TO-DATE
Caching disabled for task ':harmony-napi-runtime:compileKotlinLinuxArm64' because:
  Build cache is disabled
Skipping task ':harmony-napi-runtime:compileKotlinLinuxArm64' as it is up-to-date.
work action resolve harmony-napi-runtime.klib (project :harmony-napi-runtime) (Thread[included builds,5,main]) started.
Resolve mutations for :sample-plugin:checkKotlinGradlePluginConfigurationErrors (Thread[included builds,5,main]) started.
:sample-plugin:checkKotlinGradlePluginConfigurationErrors (Thread[Execution worker Thread 2,5,main]) started.

> Task :sample-plugin:checkKotlinGradlePluginConfigurationErrors
Caching disabled for task ':sample-plugin:checkKotlinGradlePluginConfigurationErrors' because:
  Build cache is disabled
Task ':sample-plugin:checkKotlinGradlePluginConfigurationErrors' is not up-to-date because:
  Task has not declared any outputs despite executing actions.
Resolve mutations for :sample-plugin:kspKotlinLinuxArm64 (Thread[Execution worker Thread 2,5,main]) started.
:sample-plugin:kspKotlinLinuxArm64 (Thread[Execution worker Thread 2,5,main]) started.

> Task :sample-plugin:kspKotlinLinuxArm64 FAILED
Custom actions are attached to task ':sample-plugin:kspKotlinLinuxArm64'.
Caching disabled for task ':sample-plugin:kspKotlinLinuxArm64' because:
  Build cache is disabled
Task ':sample-plugin:kspKotlinLinuxArm64' is not up-to-date because:
  Task has failed previously.
file or directory '/Users/api/Desktop/itime-rust/harmony-napi-bridge/sample-plugin/src/linuxMain/kotlin', not found
file or directory '/Users/api/Desktop/itime-rust/harmony-napi-bridge/sample-plugin/src/nativeMain/kotlin', not found
file or directory '/Users/api/Desktop/itime-rust/harmony-napi-bridge/sample-plugin/src/linuxMain/kotlin', not found
file or directory '/Users/api/Desktop/itime-rust/harmony-napi-bridge/sample-plugin/src/nativeMain/kotlin', not found
Run in-process tool "konanc"
Entry point method = org.jetbrains.kotlin.cli.utilities.MainKt.daemonMain
Classpath = [
	/Users/api/Desktop/itime-rust/harmony-napi-bridge/.konan/kotlin-native-prebuilt-macos-aarch64-1.9.24/konan/lib/kotlin-native-compiler-embeddable.jar
	/Users/api/Desktop/itime-rust/harmony-napi-bridge/.konan/kotlin-native-prebuilt-macos-aarch64-1.9.24/konan/lib/trove4j.jar
]
Arguments = [
	-g
	-enable-assertions
	-library
	/Users/api/Desktop/itime-rust/harmony-napi-bridge/harmony-napi-runtime/build/classes/kotlin/linuxArm64/main/klib/harmony-napi-runtime.klib
	-library
	/Users/api/Desktop/itime-rust/harmony-napi-bridge/harmony-napi-runtime/build/classes/kotlin/linuxArm64/main/cinterop/harmony-napi-runtime-cinterop-napi.klib
	-library
	/Users/api/Desktop/itime-rust/harmony-napi-bridge/harmony-napi-runtime/build/classes/kotlin/linuxArm64/main/cinterop/harmony-napi-runtime-cinterop-hilog.klib
	-library
	/Users/api/Desktop/itime-rust/harmony-napi-bridge/harmony-napi-annotations/build/classes/kotlin/linuxArm64/main/klib/harmony-napi-annotations.klib
	-library
	/Users/api/.gradle/caches/modules-2/files-2.1/org.jetbrains.kotlinx/kotlinx-serialization-json-linuxarm64/1.6.3/fa92d4c5256bc98b8ca0fe59f0c9f7a54dba4193/kotlinx-serialization-json.klib
	-library
	/Users/api/.gradle/caches/modules-2/files-2.1/org.jetbrains.kotlinx/kotlinx-serialization-core-linuxarm64/1.6.3/3e68d6f410d0350686a4b03512a3b6f8518d406c/kotlinx-serialization-core.klib
	-module-name
	harmony-napi-bridge:sample-plugin
	-no-endorsed-libs
	-output
	/Users/api/Desktop/itime-rust/harmony-napi-bridge/sample-plugin/build/generated/ksp/linuxArm64/linuxArm64Main/sample-plugin.klib
	-produce
	library
	-Xshort-module-name=sample-plugin
	-target
	linux_arm64
	-Xcommon-sources=/Users/api/Desktop/itime-rust/harmony-napi-bridge/sample-plugin/src/commonMain/kotlin/com/itime/harmony/sample/HelloWorldPlugin.kt
	-language-version
	1.9
	-Xmulti-platform
	-Xplugin=/Users/api/.gradle/caches/modules-2/files-2.1/com.google.devtools.ksp/symbol-processing/1.9.24-1.0.20/10ba5bbdf3c491fd232623e6d6367b60f18a4eff/symbol-processing-1.9.24-1.0.20.jar,/Users/api/.gradle/caches/modules-2/files-2.1/com.google.devtools.ksp/symbol-processing-api/1.9.24-1.0.20/3d899943719423930b113797921654efdd96d4af/symbol-processing-api-1.9.24-1.0.20.jar,/Users/api/.gradle/caches/modules-2/files-2.1/org.jetbrains.kotlin/kotlin-stdlib-jdk7/1.9.0/f320478990d05e0cfaadd74f9619fd6027adbf37/kotlin-stdlib-jdk7-1.9.0.jar,/Users/api/.gradle/caches/modules-2/files-2.1/org.jetbrains.kotlin/kotlin-stdlib/1.9.24/9928532f12c66ad816a625b3f9984f8368ca6d2b/kotlin-stdlib-1.9.24.jar,/Users/api/.gradle/caches/modules-2/files-2.1/org.jetbrains.kotlin/kotlin-stdlib-jdk8/1.9.0/e000bd084353d84c9e888f6fb341dc1f5b79d948/kotlin-stdlib-jdk8-1.9.0.jar,/Users/api/.gradle/caches/modules-2/files-2.1/org.jetbrains/annotations/13.0/919f0dfe192fb4e063e7dacadee7f8bb9a2672a9/annotations-13.0.jar
	-P
	plugin:com.google.devtools.ksp.symbol-processing:classOutputDir=/Users/api/Desktop/itime-rust/harmony-napi-bridge/sample-plugin/build/generated/ksp/linuxArm64/linuxArm64Main/classes
	-P
	plugin:com.google.devtools.ksp.symbol-processing:javaOutputDir=/Users/api/Desktop/itime-rust/harmony-napi-bridge/sample-plugin/build/generated/ksp/linuxArm64/linuxArm64Main/java
	-P
	plugin:com.google.devtools.ksp.symbol-processing:kotlinOutputDir=/Users/api/Desktop/itime-rust/harmony-napi-bridge/sample-plugin/build/generated/ksp/linuxArm64/linuxArm64Main/kotlin
	-P
	plugin:com.google.devtools.ksp.symbol-processing:resourceOutputDir=/Users/api/Desktop/itime-rust/harmony-napi-bridge/sample-plugin/build/generated/ksp/linuxArm64/linuxArm64Main/resources
	-P
	plugin:com.google.devtools.ksp.symbol-processing:cachesDir=/Users/api/Desktop/itime-rust/harmony-napi-bridge/sample-plugin/build/kspCaches/linuxArm64/linuxArm64Main
	-P
	plugin:com.google.devtools.ksp.symbol-processing:kspOutputDir=/Users/api/Desktop/itime-rust/harmony-napi-bridge/sample-plugin/build/generated/ksp/linuxArm64/linuxArm64Main
	-P
	plugin:com.google.devtools.ksp.symbol-processing:incremental=false
	-P
	plugin:com.google.devtools.ksp.symbol-processing:incrementalLog=false
	-P
	plugin:com.google.devtools.ksp.symbol-processing:projectBaseDir=/Users/api/Desktop/itime-rust/harmony-napi-bridge/sample-plugin
	-P
	plugin:com.google.devtools.ksp.symbol-processing:allWarningsAsErrors=false
	-P
	plugin:com.google.devtools.ksp.symbol-processing:returnOkOnError=true
	-P
	plugin:com.google.devtools.ksp.symbol-processing:excludedProcessors=
	-P
	plugin:com.google.devtools.ksp.symbol-processing:mapAnnotationArgumentsInJava=false
	-P
	plugin:com.google.devtools.ksp.symbol-processing:apclasspath=/Users/api/Desktop/itime-rust/harmony-napi-bridge/harmony-napi-ksp-processor/build/libs/harmony-napi-ksp-processor.jar:/Users/api/Desktop/itime-rust/harmony-napi-bridge/harmony-napi-annotations/build/libs/harmony-napi-annotations-jvm.jar:/Users/api/.gradle/caches/modules-2/files-2.1/com.squareup/kotlinpoet-ksp/1.16.0/dfa5e81ec09dcc4f20edf187d0ca2b15c75f117a/kotlinpoet-ksp-1.16.0.jar:/Users/api/.gradle/caches/modules-2/files-2.1/com.squareup/kotlinpoet-jvm/1.16.0/2df03e8b2afdb98dda7b6b0753cd5d9b12b40031/kotlinpoet-jvm-1.16.0.jar:/Users/api/.gradle/caches/modules-2/files-2.1/com.google.devtools.ksp/symbol-processing-api/1.9.24-1.0.20/3d899943719423930b113797921654efdd96d4af/symbol-processing-api-1.9.24-1.0.20.jar:/Users/api/.gradle/caches/modules-2/files-2.1/org.jetbrains.kotlin/kotlin-stdlib-jdk8/1.9.0/e000bd084353d84c9e888f6fb341dc1f5b79d948/kotlin-stdlib-jdk8-1.9.0.jar:/Users/api/.gradle/caches/modules-2/files-2.1/org.jetbrains.kotlin/kotlin-reflect/1.9.22/761ab33cf85f03a3a24595e1b92639d82e7a9564/kotlin-reflect-1.9.22.jar:/Users/api/.gradle/caches/modules-2/files-2.1/org.jetbrains.kotlin/kotlin-stdlib-jdk7/1.9.0/f320478990d05e0cfaadd74f9619fd6027adbf37/kotlin-stdlib-jdk7-1.9.0.jar:/Users/api/.gradle/caches/modules-2/files-2.1/org.jetbrains.kotlin/kotlin-stdlib/1.9.24/9928532f12c66ad816a625b3f9984f8368ca6d2b/kotlin-stdlib-1.9.24.jar:/Users/api/.gradle/caches/modules-2/files-2.1/org.jetbrains/annotations/13.0/919f0dfe192fb4e063e7dacadee7f8bb9a2672a9/annotations-13.0.jar
	/Users/api/Desktop/itime-rust/harmony-napi-bridge/sample-plugin/src/commonMain/kotlin/com/itime/harmony/sample/HelloWorldPlugin.kt
	-Xkonan-data-dir=/Users/api/Desktop/itime-rust/harmony-napi-bridge/.konan
]
Transformed arguments = [
	konanc
	-g
	-enable-assertions
	-library
	/Users/api/Desktop/itime-rust/harmony-napi-bridge/harmony-napi-runtime/build/classes/kotlin/linuxArm64/main/klib/harmony-napi-runtime.klib
	-library
	/Users/api/Desktop/itime-rust/harmony-napi-bridge/harmony-napi-runtime/build/classes/kotlin/linuxArm64/main/cinterop/harmony-napi-runtime-cinterop-napi.klib
	-library
	/Users/api/Desktop/itime-rust/harmony-napi-bridge/harmony-napi-runtime/build/classes/kotlin/linuxArm64/main/cinterop/harmony-napi-runtime-cinterop-hilog.klib
	-library
	/Users/api/Desktop/itime-rust/harmony-napi-bridge/harmony-napi-annotations/build/classes/kotlin/linuxArm64/main/klib/harmony-napi-annotations.klib
	-library
	/Users/api/.gradle/caches/modules-2/files-2.1/org.jetbrains.kotlinx/kotlinx-serialization-json-linuxarm64/1.6.3/fa92d4c5256bc98b8ca0fe59f0c9f7a54dba4193/kotlinx-serialization-json.klib
	-library
	/Users/api/.gradle/caches/modules-2/files-2.1/org.jetbrains.kotlinx/kotlinx-serialization-core-linuxarm64/1.6.3/3e68d6f410d0350686a4b03512a3b6f8518d406c/kotlinx-serialization-core.klib
	-module-name
	harmony-napi-bridge:sample-plugin
	-no-endorsed-libs
	-output
	/Users/api/Desktop/itime-rust/harmony-napi-bridge/sample-plugin/build/generated/ksp/linuxArm64/linuxArm64Main/sample-plugin.klib
	-produce
	library
	-Xshort-module-name=sample-plugin
	-target
	linux_arm64
	-Xcommon-sources=/Users/api/Desktop/itime-rust/harmony-napi-bridge/sample-plugin/src/commonMain/kotlin/com/itime/harmony/sample/HelloWorldPlugin.kt
	-language-version
	1.9
	-Xmulti-platform
	-Xplugin=/Users/api/.gradle/caches/modules-2/files-2.1/com.google.devtools.ksp/symbol-processing/1.9.24-1.0.20/10ba5bbdf3c491fd232623e6d6367b60f18a4eff/symbol-processing-1.9.24-1.0.20.jar,/Users/api/.gradle/caches/modules-2/files-2.1/com.google.devtools.ksp/symbol-processing-api/1.9.24-1.0.20/3d899943719423930b113797921654efdd96d4af/symbol-processing-api-1.9.24-1.0.20.jar,/Users/api/.gradle/caches/modules-2/files-2.1/org.jetbrains.kotlin/kotlin-stdlib-jdk7/1.9.0/f320478990d05e0cfaadd74f9619fd6027adbf37/kotlin-stdlib-jdk7-1.9.0.jar,/Users/api/.gradle/caches/modules-2/files-2.1/org.jetbrains.kotlin/kotlin-stdlib/1.9.24/9928532f12c66ad816a625b3f9984f8368ca6d2b/kotlin-stdlib-1.9.24.jar,/Users/api/.gradle/caches/modules-2/files-2.1/org.jetbrains.kotlin/kotlin-stdlib-jdk8/1.9.0/e000bd084353d84c9e888f6fb341dc1f5b79d948/kotlin-stdlib-jdk8-1.9.0.jar,/Users/api/.gradle/caches/modules-2/files-2.1/org.jetbrains/annotations/13.0/919f0dfe192fb4e063e7dacadee7f8bb9a2672a9/annotations-13.0.jar
	-P
	plugin:com.google.devtools.ksp.symbol-processing:classOutputDir=/Users/api/Desktop/itime-rust/harmony-napi-bridge/sample-plugin/build/generated/ksp/linuxArm64/linuxArm64Main/classes
	-P
	plugin:com.google.devtools.ksp.symbol-processing:javaOutputDir=/Users/api/Desktop/itime-rust/harmony-napi-bridge/sample-plugin/build/generated/ksp/linuxArm64/linuxArm64Main/java
	-P
	plugin:com.google.devtools.ksp.symbol-processing:kotlinOutputDir=/Users/api/Desktop/itime-rust/harmony-napi-bridge/sample-plugin/build/generated/ksp/linuxArm64/linuxArm64Main/kotlin
	-P
	plugin:com.google.devtools.ksp.symbol-processing:resourceOutputDir=/Users/api/Desktop/itime-rust/harmony-napi-bridge/sample-plugin/build/generated/ksp/linuxArm64/linuxArm64Main/resources
	-P
	plugin:com.google.devtools.ksp.symbol-processing:cachesDir=/Users/api/Desktop/itime-rust/harmony-napi-bridge/sample-plugin/build/kspCaches/linuxArm64/linuxArm64Main
	-P
	plugin:com.google.devtools.ksp.symbol-processing:kspOutputDir=/Users/api/Desktop/itime-rust/harmony-napi-bridge/sample-plugin/build/generated/ksp/linuxArm64/linuxArm64Main
	-P
	plugin:com.google.devtools.ksp.symbol-processing:incremental=false
	-P
	plugin:com.google.devtools.ksp.symbol-processing:incrementalLog=false
	-P
	plugin:com.google.devtools.ksp.symbol-processing:projectBaseDir=/Users/api/Desktop/itime-rust/harmony-napi-bridge/sample-plugin
	-P
	plugin:com.google.devtools.ksp.symbol-processing:allWarningsAsErrors=false
	-P
	plugin:com.google.devtools.ksp.symbol-processing:returnOkOnError=true
	-P
	plugin:com.google.devtools.ksp.symbol-processing:excludedProcessors=
	-P
	plugin:com.google.devtools.ksp.symbol-processing:mapAnnotationArgumentsInJava=false
	-P
	plugin:com.google.devtools.ksp.symbol-processing:apclasspath=/Users/api/Desktop/itime-rust/harmony-napi-bridge/harmony-napi-ksp-processor/build/libs/harmony-napi-ksp-processor.jar:/Users/api/Desktop/itime-rust/harmony-napi-bridge/harmony-napi-annotations/build/libs/harmony-napi-annotations-jvm.jar:/Users/api/.gradle/caches/modules-2/files-2.1/com.squareup/kotlinpoet-ksp/1.16.0/dfa5e81ec09dcc4f20edf187d0ca2b15c75f117a/kotlinpoet-ksp-1.16.0.jar:/Users/api/.gradle/caches/modules-2/files-2.1/com.squareup/kotlinpoet-jvm/1.16.0/2df03e8b2afdb98dda7b6b0753cd5d9b12b40031/kotlinpoet-jvm-1.16.0.jar:/Users/api/.gradle/caches/modules-2/files-2.1/com.google.devtools.ksp/symbol-processing-api/1.9.24-1.0.20/3d899943719423930b113797921654efdd96d4af/symbol-processing-api-1.9.24-1.0.20.jar:/Users/api/.gradle/caches/modules-2/files-2.1/org.jetbrains.kotlin/kotlin-stdlib-jdk8/1.9.0/e000bd084353d84c9e888f6fb341dc1f5b79d948/kotlin-stdlib-jdk8-1.9.0.jar:/Users/api/.gradle/caches/modules-2/files-2.1/org.jetbrains.kotlin/kotlin-reflect/1.9.22/761ab33cf85f03a3a24595e1b92639d82e7a9564/kotlin-reflect-1.9.22.jar:/Users/api/.gradle/caches/modules-2/files-2.1/org.jetbrains.kotlin/kotlin-stdlib-jdk7/1.9.0/f320478990d05e0cfaadd74f9619fd6027adbf37/kotlin-stdlib-jdk7-1.9.0.jar:/Users/api/.gradle/caches/modules-2/files-2.1/org.jetbrains.kotlin/kotlin-stdlib/1.9.24/9928532f12c66ad816a625b3f9984f8368ca6d2b/kotlin-stdlib-1.9.24.jar:/Users/api/.gradle/caches/modules-2/files-2.1/org.jetbrains/annotations/13.0/919f0dfe192fb4e063e7dacadee7f8bb9a2672a9/annotations-13.0.jar
	/Users/api/Desktop/itime-rust/harmony-napi-bridge/sample-plugin/src/commonMain/kotlin/com/itime/harmony/sample/HelloWorldPlugin.kt
	-Xkonan-data-dir=/Users/api/Desktop/itime-rust/harmony-napi-bridge/.konan
]
i: [ksp] loaded provider(s): [com.itime.harmony.napi.ksp.HarmonyNapiProcessorProvider]
i: [ksp] HarmonyNapiProcessor started processing...
e: [ksp] java.lang.IllegalArgumentException: Can't escape identifier `DemoAbstract_<init>_wrapper` because it contains illegal characters: <>
	at com.squareup.kotlinpoet.UtilKt.failIfEscapeInvalid(Util.kt:276)
	at com.squareup.kotlinpoet.UtilKt.escapeIfNecessary(Util.kt:286)
	at com.squareup.kotlinpoet.UtilKt.escapeIfNecessary$default(Util.kt:282)
	at com.squareup.kotlinpoet.CodeBlock$Builder.addArgument(CodeBlock.kt:344)
	at com.squareup.kotlinpoet.CodeBlock$Builder.add(CodeBlock.kt:320)
	at com.squareup.kotlinpoet.CodeBlock$Companion.of(CodeBlock.kt:482)
	at com.squareup.kotlinpoet.CodeWriter.emitCode(CodeWriter.kt:235)
	at com.squareup.kotlinpoet.FunSpec.emitSignature(FunSpec.kt:163)
	at com.squareup.kotlinpoet.FunSpec.emit$kotlinpoet(FunSpec.kt:110)
	at com.squareup.kotlinpoet.FileSpec.emit(FileSpec.kt:200)
	at com.squareup.kotlinpoet.FileSpec.access$emit(FileSpec.kt:49)
	at com.squareup.kotlinpoet.FileSpec$writeTo$codeWriter$1.invoke(FileSpec.kt:86)
	at com.squareup.kotlinpoet.FileSpec$writeTo$codeWriter$1.invoke(FileSpec.kt:82)
	at com.squareup.kotlinpoet.CodeWriter$Companion.withCollectedImports(CodeWriter.kt:708)
	at com.squareup.kotlinpoet.FileSpec.writeTo(FileSpec.kt:82)
	at com.itime.harmony.napi.ksp.generator.KotlinWrapperGenerator.generate(KotlinWrapperGenerator.kt:120)
	at com.itime.harmony.napi.ksp.HarmonyNapiProcessor.process(HarmonyNapiProcessor.kt:194)
	at com.google.devtools.ksp.AbstractKotlinSymbolProcessingExtension$doAnalysis$8$1.invoke(KotlinSymbolProcessingExtension.kt:310)
	at com.google.devtools.ksp.AbstractKotlinSymbolProcessingExtension$doAnalysis$8$1.invoke(KotlinSymbolProcessingExtension.kt:308)
	at com.google.devtools.ksp.AbstractKotlinSymbolProcessingExtension.handleException(KotlinSymbolProcessingExtension.kt:414)
	at com.google.devtools.ksp.AbstractKotlinSymbolProcessingExtension.doAnalysis(KotlinSymbolProcessingExtension.kt:308)
	at org.jetbrains.kotlin.backend.konan.TopDownAnalyzerFacadeForKonan.analyzeFilesWithGivenTrace(TopDownAnalyzerFacadeForKonan.kt:102)
	at org.jetbrains.kotlin.backend.konan.TopDownAnalyzerFacadeForKonan.analyzeFiles(TopDownAnalyzerFacadeForKonan.kt:65)
	at org.jetbrains.kotlin.backend.konan.driver.phases.FrontendKt$FrontendPhase$2$2.invoke(Frontend.kt:66)
	at org.jetbrains.kotlin.backend.konan.driver.phases.FrontendKt$FrontendPhase$2$2.invoke(Frontend.kt:65)
	at org.jetbrains.kotlin.cli.common.messages.AnalyzerWithCompilerReport.analyzeAndReport(AnalyzerWithCompilerReport.kt:115)
	at org.jetbrains.kotlin.backend.konan.driver.phases.FrontendKt$FrontendPhase$2.invoke(Frontend.kt:65)
	at org.jetbrains.kotlin.backend.konan.driver.phases.FrontendKt$FrontendPhase$2.invoke(Frontend.kt:43)
	at org.jetbrains.kotlin.backend.konan.driver.phases.PhaseBuildersKt$createSimpleNamedCompilerPhase$1.phaseBody(PhaseBuilders.kt:32)
	at org.jetbrains.kotlin.backend.common.phaser.SimpleNamedCompilerPhase.phaseBody(CompilerPhase.kt:207)
	at org.jetbrains.kotlin.backend.common.phaser.AbstractNamedCompilerPhase.invoke(CompilerPhase.kt:94)
	at org.jetbrains.kotlin.backend.konan.driver.PhaseEngine.runPhase(Machinery.kt:139)
	at org.jetbrains.kotlin.backend.konan.driver.PhaseEngine.runPhase$default(Machinery.kt:130)
	at org.jetbrains.kotlin.backend.konan.driver.phases.TopLevelPhasesKt.runFrontend(TopLevelPhases.kt:33)
	at org.jetbrains.kotlin.backend.konan.driver.DynamicCompilerDriver.serializeKlibK1(DynamicCompilerDriver.kt:121)
	at org.jetbrains.kotlin.backend.konan.driver.DynamicCompilerDriver.produceKlib(DynamicCompilerDriver.kt:95)
	at org.jetbrains.kotlin.backend.konan.driver.DynamicCompilerDriver.access$produceKlib(DynamicCompilerDriver.kt:31)
	at org.jetbrains.kotlin.backend.konan.driver.DynamicCompilerDriver$run$1$1$1.invoke(DynamicCompilerDriver.kt:43)
	at org.jetbrains.kotlin.backend.konan.driver.DynamicCompilerDriver$run$1$1$1.invoke(DynamicCompilerDriver.kt:36)
	at org.jetbrains.kotlin.backend.konan.driver.PhaseEngine$Companion$startTopLevel$topLevelPhase$1.phaseBody(Machinery.kt:98)
	at org.jetbrains.kotlin.backend.konan.driver.PhaseEngine$Companion$startTopLevel$topLevelPhase$1.phaseBody(Machinery.kt:92)
	at org.jetbrains.kotlin.backend.common.phaser.SimpleNamedCompilerPhase.phaseBody(CompilerPhase.kt:207)
	at org.jetbrains.kotlin.backend.common.phaser.AbstractNamedCompilerPhase.invoke(CompilerPhase.kt:94)
	at org.jetbrains.kotlin.backend.konan.driver.PhaseEngine$Companion.startTopLevel(Machinery.kt:105)
	at org.jetbrains.kotlin.backend.konan.driver.DynamicCompilerDriver.run(DynamicCompilerDriver.kt:36)
	at org.jetbrains.kotlin.backend.konan.KonanDriver.run(KonanDriver.kt:118)
	at org.jetbrains.kotlin.cli.bc.K2Native.runKonanDriver(K2Native.kt:151)
	at org.jetbrains.kotlin.cli.bc.K2Native.doExecute(K2Native.kt:69)
	at org.jetbrains.kotlin.cli.bc.K2Native.doExecute(K2Native.kt:36)
	at org.jetbrains.kotlin.cli.common.CLICompiler.execImpl(CLICompiler.kt:104)
	at org.jetbrains.kotlin.cli.common.CLICompiler.execImpl(CLICompiler.kt:48)
	at org.jetbrains.kotlin.cli.common.CLITool.exec(CLITool.kt:101)
	at org.jetbrains.kotlin.cli.common.CLITool.exec(CLITool.kt:79)
	at org.jetbrains.kotlin.cli.common.CLITool.exec(CLITool.kt:43)
	at org.jetbrains.kotlin.cli.common.CLITool$Companion.doMainNoExit(CLITool.kt:180)
	at org.jetbrains.kotlin.cli.bc.K2Native$Companion$mainNoExitWithRenderer$1.invoke(K2Native.kt:188)
	at org.jetbrains.kotlin.cli.bc.K2Native$Companion$mainNoExitWithRenderer$1.invoke(K2Native.kt:187)
	at org.jetbrains.kotlin.util.UtilKt.profileIf(Util.kt:22)
	at org.jetbrains.kotlin.util.UtilKt.profile(Util.kt:16)
	at org.jetbrains.kotlin.cli.bc.K2Native$Companion.mainNoExitWithRenderer(K2Native.kt:187)
	at org.jetbrains.kotlin.cli.bc.K2NativeKt.mainNoExitWithGradleRenderer(K2Native.kt:205)
	at org.jetbrains.kotlin.cli.utilities.MainKt$daemonMain$1.invoke(main.kt:51)
	at org.jetbrains.kotlin.cli.utilities.MainKt$daemonMain$1.invoke(main.kt:51)
	at org.jetbrains.kotlin.cli.utilities.MainKt.mainImpl(main.kt:20)
	at org.jetbrains.kotlin.cli.utilities.MainKt.inProcessMain(main.kt:58)
	at org.jetbrains.kotlin.cli.utilities.MainKt.daemonMain(main.kt:51)
	at java.base/jdk.internal.reflect.NativeMethodAccessorImpl.invoke0(Native Method)
	at java.base/jdk.internal.reflect.NativeMethodAccessorImpl.invoke(NativeMethodAccessorImpl.java:77)
	at java.base/jdk.internal.reflect.DelegatingMethodAccessorImpl.invoke(DelegatingMethodAccessorImpl.java:43)
	at java.base/java.lang.reflect.Method.invoke(Method.java:569)
	at org.jetbrains.kotlin.compilerRunner.KotlinToolRunner.runInProcess(KotlinToolRunner.kt:198)
	at org.jetbrains.kotlin.compilerRunner.KotlinToolRunner.run(KotlinToolRunner.kt:135)
	at org.jetbrains.kotlin.compilerRunner.KotlinNativeToolRunner.run(nativeToolRunners.kt:146)
	at org.jetbrains.kotlin.gradle.tasks.KotlinNativeCompile$compile$1.invoke(KotlinNativeTasks.kt:546)
	at org.jetbrains.kotlin.gradle.tasks.KotlinNativeCompile$compile$1.invoke(KotlinNativeTasks.kt:529)
	at org.jetbrains.kotlin.compilerRunner.ReportUtilsKt.addBuildMetricsForTaskAction(reportUtils.kt:276)
	at org.jetbrains.kotlin.gradle.tasks.KotlinNativeCompile.compile(KotlinNativeTasks.kt:529)
	at java.base/jdk.internal.reflect.NativeMethodAccessorImpl.invoke0(Native Method)
	at java.base/jdk.internal.reflect.NativeMethodAccessorImpl.invoke(NativeMethodAccessorImpl.java:77)
	at java.base/jdk.internal.reflect.DelegatingMethodAccessorImpl.invoke(DelegatingMethodAccessorImpl.java:43)
	at java.base/java.lang.reflect.Method.invoke(Method.java:569)
	at org.gradle.internal.reflect.JavaMethod.invoke(JavaMethod.java:125)
	at org.gradle.api.internal.project.taskfactory.StandardTaskAction.doExecute(StandardTaskAction.java:58)
	at org.gradle.api.internal.project.taskfactory.StandardTaskAction.execute(StandardTaskAction.java:51)
	at org.gradle.api.internal.project.taskfactory.StandardTaskAction.execute(StandardTaskAction.java:29)
	at org.gradle.api.internal.tasks.execution.TaskExecution$3.run(TaskExecution.java:244)
	at org.gradle.internal.operations.DefaultBuildOperationRunner$1.execute(DefaultBuildOperationRunner.java:30)
	at org.gradle.internal.operations.DefaultBuildOperationRunner$1.execute(DefaultBuildOperationRunner.java:27)
	at org.gradle.internal.operations.DefaultBuildOperationRunner$2.execute(DefaultBuildOperationRunner.java:67)
	at org.gradle.internal.operations.DefaultBuildOperationRunner$2.execute(DefaultBuildOperationRunner.java:60)
	at org.gradle.internal.operations.DefaultBuildOperationRunner.execute(DefaultBuildOperationRunner.java:167)
	at org.gradle.internal.operations.DefaultBuildOperationRunner.execute(DefaultBuildOperationRunner.java:60)
	at org.gradle.internal.operations.DefaultBuildOperationRunner.run(DefaultBuildOperationRunner.java:48)
	at org.gradle.api.internal.tasks.execution.TaskExecution.executeAction(TaskExecution.java:229)
	at org.gradle.api.internal.tasks.execution.TaskExecution.executeActions(TaskExecution.java:212)
	at org.gradle.api.internal.tasks.execution.TaskExecution.executeWithPreviousOutputFiles(TaskExecution.java:195)
	at org.gradle.api.internal.tasks.execution.TaskExecution.execute(TaskExecution.java:162)
	at org.gradle.internal.execution.steps.ExecuteStep.executeInternal(ExecuteStep.java:105)
	at org.gradle.internal.execution.steps.ExecuteStep.access$000(ExecuteStep.java:44)
	at org.gradle.internal.execution.steps.ExecuteStep$1.call(ExecuteStep.java:59)
	at org.gradle.internal.execution.steps.ExecuteStep$1.call(ExecuteStep.java:56)
	at org.gradle.internal.operations.DefaultBuildOperationRunner$CallableBuildOperationWorker.execute(DefaultBuildOperationRunner.java:210)
	at org.gradle.internal.operations.DefaultBuildOperationRunner$CallableBuildOperationWorker.execute(DefaultBuildOperationRunner.java:205)
	at org.gradle.internal.operations.DefaultBuildOperationRunner$2.execute(DefaultBuildOperationRunner.java:67)
	at org.gradle.internal.operations.DefaultBuildOperationRunner$2.execute(DefaultBuildOperationRunner.java:60)
	at org.gradle.internal.operations.DefaultBuildOperationRunner.execute(DefaultBuildOperationRunner.java:167)
	at org.gradle.internal.operations.DefaultBuildOperationRunner.execute(DefaultBuildOperationRunner.java:60)
	at org.gradle.internal.operations.DefaultBuildOperationRunner.call(DefaultBuildOperationRunner.java:54)
	at org.gradle.internal.execution.steps.ExecuteStep.execute(ExecuteStep.java:56)
	at org.gradle.internal.execution.steps.ExecuteStep.execute(ExecuteStep.java:44)
	at org.gradle.internal.execution.steps.CancelExecutionStep.execute(CancelExecutionStep.java:42)
	at org.gradle.internal.execution.steps.TimeoutStep.executeWithoutTimeout(TimeoutStep.java:75)
	at org.gradle.internal.execution.steps.TimeoutStep.execute(TimeoutStep.java:55)
	at org.gradle.internal.execution.steps.PreCreateOutputParentsStep.execute(PreCreateOutputParentsStep.java:50)
	at org.gradle.internal.execution.steps.PreCreateOutputParentsStep.execute(PreCreateOutputParentsStep.java:28)
	at org.gradle.internal.execution.steps.RemovePreviousOutputsStep.execute(RemovePreviousOutputsStep.java:67)
	at org.gradle.internal.execution.steps.RemovePreviousOutputsStep.execute(RemovePreviousOutputsStep.java:37)
	at org.gradle.internal.execution.steps.BroadcastChangingOutputsStep.execute(BroadcastChangingOutputsStep.java:61)
	at org.gradle.internal.execution.steps.BroadcastChangingOutputsStep.execute(BroadcastChangingOutputsStep.java:26)
	at org.gradle.internal.execution.steps.CaptureOutputsAfterExecutionStep.execute(CaptureOutputsAfterExecutionStep.java:69)
	at org.gradle.internal.execution.steps.CaptureOutputsAfterExecutionStep.execute(CaptureOutputsAfterExecutionStep.java:46)
	at org.gradle.internal.execution.steps.ResolveInputChangesStep.execute(ResolveInputChangesStep.java:40)
	at org.gradle.internal.execution.steps.ResolveInputChangesStep.execute(ResolveInputChangesStep.java:29)
	at org.gradle.internal.execution.steps.BuildCacheStep.executeWithoutCache(BuildCacheStep.java:189)
	at org.gradle.internal.execution.steps.BuildCacheStep.lambda$execute$1(BuildCacheStep.java:75)
	at org.gradle.internal.Either$Right.fold(Either.java:175)
	at org.gradle.internal.execution.caching.CachingState.fold(CachingState.java:62)
	at org.gradle.internal.execution.steps.BuildCacheStep.execute(BuildCacheStep.java:73)
	at org.gradle.internal.execution.steps.BuildCacheStep.execute(BuildCacheStep.java:48)
	at org.gradle.internal.execution.steps.StoreExecutionStateStep.execute(StoreExecutionStateStep.java:46)
	at org.gradle.internal.execution.steps.StoreExecutionStateStep.execute(StoreExecutionStateStep.java:35)
	at org.gradle.internal.execution.steps.SkipUpToDateStep.executeBecause(SkipUpToDateStep.java:75)
	at org.gradle.internal.execution.steps.SkipUpToDateStep.lambda$execute$2(SkipUpToDateStep.java:53)
	at java.base/java.util.Optional.orElseGet(Optional.java:364)
	at org.gradle.internal.execution.steps.SkipUpToDateStep.execute(SkipUpToDateStep.java:53)
	at org.gradle.internal.execution.steps.SkipUpToDateStep.execute(SkipUpToDateStep.java:35)
	at org.gradle.internal.execution.steps.legacy.MarkSnapshottingInputsFinishedStep.execute(MarkSnapshottingInputsFinishedStep.java:37)
	at org.gradle.internal.execution.steps.legacy.MarkSnapshottingInputsFinishedStep.execute(MarkSnapshottingInputsFinishedStep.java:27)
	at org.gradle.internal.execution.steps.ResolveIncrementalCachingStateStep.executeDelegate(ResolveIncrementalCachingStateStep.java:49)
	at org.gradle.internal.execution.steps.ResolveIncrementalCachingStateStep.executeDelegate(ResolveIncrementalCachingStateStep.java:27)
	at org.gradle.internal.execution.steps.AbstractResolveCachingStateStep.execute(AbstractResolveCachingStateStep.java:71)
	at org.gradle.internal.execution.steps.AbstractResolveCachingStateStep.execute(AbstractResolveCachingStateStep.java:39)
	at org.gradle.internal.execution.steps.ResolveChangesStep.execute(ResolveChangesStep.java:65)
	at org.gradle.internal.execution.steps.ResolveChangesStep.execute(ResolveChangesStep.java:36)
	at org.gradle.internal.execution.steps.ValidateStep.execute(ValidateStep.java:107)
	at org.gradle.internal.execution.steps.ValidateStep.execute(ValidateStep.java:56)
	at org.gradle.internal.execution.steps.AbstractCaptureStateBeforeExecutionStep.execute(AbstractCaptureStateBeforeExecutionStep.java:64)
	at org.gradle.internal.execution.steps.AbstractCaptureStateBeforeExecutionStep.execute(AbstractCaptureStateBeforeExecutionStep.java:43)
	at org.gradle.internal.execution.steps.AbstractSkipEmptyWorkStep.executeWithNonEmptySources(AbstractSkipEmptyWorkStep.java:125)
	at org.gradle.internal.execution.steps.AbstractSkipEmptyWorkStep.execute(AbstractSkipEmptyWorkStep.java:61)
	at org.gradle.internal.execution.steps.AbstractSkipEmptyWorkStep.execute(AbstractSkipEmptyWorkStep.java:36)
	at org.gradle.internal.execution.steps.legacy.MarkSnapshottingInputsStartedStep.execute(MarkSnapshottingInputsStartedStep.java:38)
	at org.gradle.internal.execution.steps.LoadPreviousExecutionStateStep.execute(LoadPreviousExecutionStateStep.java:36)
	at org.gradle.internal.execution.steps.LoadPreviousExecutionStateStep.execute(LoadPreviousExecutionStateStep.java:23)
	at org.gradle.internal.execution.steps.HandleStaleOutputsStep.execute(HandleStaleOutputsStep.java:75)
	at org.gradle.internal.execution.steps.HandleStaleOutputsStep.execute(HandleStaleOutputsStep.java:41)
	at org.gradle.internal.execution.steps.AssignMutableWorkspaceStep.lambda$execute$0(AssignMutableWorkspaceStep.java:35)
	at org.gradle.api.internal.tasks.execution.TaskExecution$4.withWorkspace(TaskExecution.java:289)
	at org.gradle.internal.execution.steps.AssignMutableWorkspaceStep.execute(AssignMutableWorkspaceStep.java:31)
	at org.gradle.internal.execution.steps.AssignMutableWorkspaceStep.execute(AssignMutableWorkspaceStep.java:22)
	at org.gradle.internal.execution.steps.ChoosePipelineStep.execute(ChoosePipelineStep.java:40)
	at org.gradle.internal.execution.steps.ChoosePipelineStep.execute(ChoosePipelineStep.java:23)
	at org.gradle.internal.execution.steps.ExecuteWorkBuildOperationFiringStep.lambda$execute$2(ExecuteWorkBuildOperationFiringStep.java:67)
	at java.base/java.util.Optional.orElseGet(Optional.java:364)
	at org.gradle.internal.execution.steps.ExecuteWorkBuildOperationFiringStep.execute(ExecuteWorkBuildOperationFiringStep.java:67)
	at org.gradle.internal.execution.steps.ExecuteWorkBuildOperationFiringStep.execute(ExecuteWorkBuildOperationFiringStep.java:39)
	at org.gradle.internal.execution.steps.IdentityCacheStep.execute(IdentityCacheStep.java:46)
	at org.gradle.internal.execution.steps.IdentityCacheStep.execute(IdentityCacheStep.java:34)
	at org.gradle.internal.execution.steps.IdentifyStep.execute(IdentifyStep.java:48)
	at org.gradle.internal.execution.steps.IdentifyStep.execute(IdentifyStep.java:35)
	at org.gradle.internal.execution.impl.DefaultExecutionEngine$1.execute(DefaultExecutionEngine.java:61)
	at org.gradle.api.internal.tasks.execution.ExecuteActionsTaskExecuter.executeIfValid(ExecuteActionsTaskExecuter.java:127)
	at org.gradle.api.internal.tasks.execution.ExecuteActionsTaskExecuter.execute(ExecuteActionsTaskExecuter.java:116)
	at org.gradle.api.internal.tasks.execution.ProblemsTaskPathTrackingTaskExecuter.execute(ProblemsTaskPathTrackingTaskExecuter.java:40)
	at org.gradle.api.internal.tasks.execution.FinalizePropertiesTaskExecuter.execute(FinalizePropertiesTaskExecuter.java:46)
	at org.gradle.api.internal.tasks.execution.ResolveTaskExecutionModeExecuter.execute(ResolveTaskExecutionModeExecuter.java:51)
	at org.gradle.api.internal.tasks.execution.SkipTaskWithNoActionsExecuter.execute(SkipTaskWithNoActionsExecuter.java:57)
	at org.gradle.api.internal.tasks.execution.SkipOnlyIfTaskExecuter.execute(SkipOnlyIfTaskExecuter.java:74)
	at org.gradle.api.internal.tasks.execution.CatchExceptionTaskExecuter.execute(CatchExceptionTaskExecuter.java:36)
	at org.gradle.api.internal.tasks.execution.EventFiringTaskExecuter$1.executeTask(EventFiringTaskExecuter.java:77)
	at org.gradle.api.internal.tasks.execution.EventFiringTaskExecuter$1.call(EventFiringTaskExecuter.java:55)
	at org.gradle.api.internal.tasks.execution.EventFiringTaskExecuter$1.call(EventFiringTaskExecuter.java:52)
	at org.gradle.internal.operations.DefaultBuildOperationRunner$CallableBuildOperationWorker.execute(DefaultBuildOperationRunner.java:210)
	at org.gradle.internal.operations.DefaultBuildOperationRunner$CallableBuildOperationWorker.execute(DefaultBuildOperationRunner.java:205)
	at org.gradle.internal.operations.DefaultBuildOperationRunner$2.execute(DefaultBuildOperationRunner.java:67)
	at org.gradle.internal.operations.DefaultBuildOperationRunner$2.execute(DefaultBuildOperationRunner.java:60)
	at org.gradle.internal.operations.DefaultBuildOperationRunner.execute(DefaultBuildOperationRunner.java:167)
	at org.gradle.internal.operations.DefaultBuildOperationRunner.execute(DefaultBuildOperationRunner.java:60)
	at org.gradle.internal.operations.DefaultBuildOperationRunner.call(DefaultBuildOperationRunner.java:54)
	at org.gradle.api.internal.tasks.execution.EventFiringTaskExecuter.execute(EventFiringTaskExecuter.java:52)
	at org.gradle.execution.plan.LocalTaskNodeExecutor.execute(LocalTaskNodeExecutor.java:42)
	at org.gradle.execution.taskgraph.DefaultTaskExecutionGraph$InvokeNodeExecutorsAction.execute(DefaultTaskExecutionGraph.java:331)
	at org.gradle.execution.taskgraph.DefaultTaskExecutionGraph$InvokeNodeExecutorsAction.execute(DefaultTaskExecutionGraph.java:318)
	at org.gradle.execution.taskgraph.DefaultTaskExecutionGraph$BuildOperationAwareExecutionAction.lambda$execute$0(DefaultTaskExecutionGraph.java:314)
	at org.gradle.internal.operations.CurrentBuildOperationRef.with(CurrentBuildOperationRef.java:85)
	at org.gradle.execution.taskgraph.DefaultTaskExecutionGraph$BuildOperationAwareExecutionAction.execute(DefaultTaskExecutionGraph.java:314)
	at org.gradle.execution.taskgraph.DefaultTaskExecutionGraph$BuildOperationAwareExecutionAction.execute(DefaultTaskExecutionGraph.java:303)
	at org.gradle.execution.plan.DefaultPlanExecutor$ExecutorWorker.execute(DefaultPlanExecutor.java:459)
	at org.gradle.execution.plan.DefaultPlanExecutor$ExecutorWorker.run(DefaultPlanExecutor.java:376)
	at org.gradle.internal.concurrent.ExecutorPolicy$CatchAndRecordFailures.onExecute(ExecutorPolicy.java:64)
	at org.gradle.internal.concurrent.AbstractManagedExecutor$1.run(AbstractManagedExecutor.java:48)
	at java.base/java.util.concurrent.ThreadPoolExecutor.runWorker(ThreadPoolExecutor.java:1136)
	at java.base/java.util.concurrent.ThreadPoolExecutor$Worker.run(ThreadPoolExecutor.java:635)
	at java.base/java.lang.Thread.run(Thread.java:840)

e: Error occurred in KSP, check log for detail

FAILURE: Build failed with an exception.

* What went wrong:
Execution failed for task ':sample-plugin:kspKotlinLinuxArm64'.
> Compilation finished with errors

* Try:
> Run with --stacktrace option to get the stack trace.
> Run with --debug option to get more log output.
> Run with --scan to get full insights.
> Get more help at https://help.gradle.org.

BUILD FAILED in 3s
14 actionable tasks: 5 executed, 9 up-to-date
Watched directory hierarchies: [/Users/api/Desktop/itime-rust/harmony-napi-bridge]
