> Task :harmony-napi-annotations:checkKotlinGradlePluginConfigurationErrors
> Task :harmony-napi-annotations:compileKotlinLinuxArm64 UP-TO-DATE
> Task :harmony-napi-annotations:compileKotlinJvm UP-TO-DATE
> Task :harmony-napi-annotations:jvmProcessResources NO-SOURCE
> Task :harmony-napi-annotations:jvmMainClasses UP-TO-DATE
> Task :harmony-napi-annotations:jvmJar UP-TO-DATE
> Task :harmony-napi-ksp-processor:checkKotlinGradlePluginConfigurationErrors
> Task :harmony-napi-ksp-processor:compileKotlin UP-TO-DATE
> Task :harmony-napi-ksp-processor:compileJava NO-SOURCE
> Task :harmony-napi-ksp-processor:processResources UP-TO-DATE
> Task :harmony-napi-ksp-processor:classes UP-TO-DATE
> Task :harmony-napi-ksp-processor:jar UP-TO-DATE
> Task :harmony-napi-runtime:cinteropHilogLinuxArm64 UP-TO-DATE
> Task :harmony-napi-runtime:cinteropNapiLinuxArm64 UP-TO-DATE
> Task :harmony-napi-runtime:checkKotlinGradlePluginConfigurationErrors
> Task :harmony-napi-runtime:compileKotlinLinuxArm64 UP-TO-DATE
> Task :sample-plugin:checkKotlinGradlePluginConfigurationErrors

> Task :sample-plugin:kspKotlinLinuxArm64 FAILED
i: [ksp] loaded provider(s): [com.itime.harmony.napi.ksp.HarmonyNapiProcessorProvider]
i: [ksp] HarmonyNapiProcessor started processing...
e: [ksp] java.lang.IllegalArgumentException: Unsupported type TestClass in KSP mapper
	at com.itime.harmony.napi.ksp.mapper.TypeMapper.getKotlinToNapiMethod(TypeMapper.kt:69)
	at com.itime.harmony.napi.ksp.generator.KotlinWrapperGenerator.generate(KotlinWrapperGenerator.kt:91)
	at com.itime.harmony.napi.ksp.HarmonyNapiProcessor.process(HarmonyNapiProcessor.kt:271)
	at com.google.devtools.ksp.AbstractKotlinSymbolProcessingExtension$doAnalysis$8$1.invoke(KotlinSymbolProcessingExtension.kt:310)
	at com.google.devtools.ksp.AbstractKotlinSymbolProcessingExtension$doAnalysis$8$1.invoke(KotlinSymbolProcessingExtension.kt:308)
	at com.google.devtools.ksp.AbstractKotlinSymbolProcessingExtension.handleException(KotlinSymbolProcessingExtension.kt:414)
	at com.google.devtools.ksp.AbstractKotlinSymbolProcessingExtension.doAnalysis(KotlinSymbolProcessingExtension.kt:308)
	at org.jetbrains.kotlin.backend.konan.TopDownAnalyzerFacadeForKonan.analyzeFilesWithGivenTrace(TopDownAnalyzerFacadeForKonan.kt:102)
	at org.jetbrains.kotlin.backend.konan.TopDownAnalyzerFacadeForKonan.analyzeFiles(TopDownAnalyzerFacadeForKonan.kt:65)
	at org.jetbrains.kotlin.backend.konan.driver.phases.FrontendKt$FrontendPhase$2$2.invoke(Frontend.kt:66)
	at org.jetbrains.kotlin.backend.konan.driver.phases.FrontendKt$FrontendPhase$2$2.invoke(Frontend.kt:65)
	at org.jetbrains.kotlin.cli.common.messages.AnalyzerWithCompilerReport.analyzeAndReport(AnalyzerWithCompilerReport.kt:115)
	at org.jetbrains.kotlin.backend.konan.driver.phases.FrontendKt$FrontendPhase$2.invoke(Frontend.kt:65)
	at org.jetbrains.kotlin.backend.konan.driver.phases.FrontendKt$FrontendPhase$2.invoke(Frontend.kt:43)
	at org.jetbrains.kotlin.backend.konan.driver.phases.PhaseBuildersKt$createSimpleNamedCompilerPhase$1.phaseBody(PhaseBuilders.kt:32)
	at org.jetbrains.kotlin.backend.common.phaser.SimpleNamedCompilerPhase.phaseBody(CompilerPhase.kt:207)
	at org.jetbrains.kotlin.backend.common.phaser.AbstractNamedCompilerPhase.invoke(CompilerPhase.kt:94)
	at org.jetbrains.kotlin.backend.konan.driver.PhaseEngine.runPhase(Machinery.kt:139)
	at org.jetbrains.kotlin.backend.konan.driver.PhaseEngine.runPhase$default(Machinery.kt:130)
	at org.jetbrains.kotlin.backend.konan.driver.phases.TopLevelPhasesKt.runFrontend(TopLevelPhases.kt:33)
	at org.jetbrains.kotlin.backend.konan.driver.DynamicCompilerDriver.serializeKlibK1(DynamicCompilerDriver.kt:121)
	at org.jetbrains.kotlin.backend.konan.driver.DynamicCompilerDriver.produceKlib(DynamicCompilerDriver.kt:95)
	at org.jetbrains.kotlin.backend.konan.driver.DynamicCompilerDriver.access$produceKlib(DynamicCompilerDriver.kt:31)
	at org.jetbrains.kotlin.backend.konan.driver.DynamicCompilerDriver$run$1$1$1.invoke(DynamicCompilerDriver.kt:43)
	at org.jetbrains.kotlin.backend.konan.driver.DynamicCompilerDriver$run$1$1$1.invoke(DynamicCompilerDriver.kt:36)
	at org.jetbrains.kotlin.backend.konan.driver.PhaseEngine$Companion$startTopLevel$topLevelPhase$1.phaseBody(Machinery.kt:98)
	at org.jetbrains.kotlin.backend.konan.driver.PhaseEngine$Companion$startTopLevel$topLevelPhase$1.phaseBody(Machinery.kt:92)
	at org.jetbrains.kotlin.backend.common.phaser.SimpleNamedCompilerPhase.phaseBody(CompilerPhase.kt:207)
	at org.jetbrains.kotlin.backend.common.phaser.AbstractNamedCompilerPhase.invoke(CompilerPhase.kt:94)
	at org.jetbrains.kotlin.backend.konan.driver.PhaseEngine$Companion.startTopLevel(Machinery.kt:105)
	at org.jetbrains.kotlin.backend.konan.driver.DynamicCompilerDriver.run(DynamicCompilerDriver.kt:36)
	at org.jetbrains.kotlin.backend.konan.KonanDriver.run(KonanDriver.kt:118)
	at org.jetbrains.kotlin.cli.bc.K2Native.runKonanDriver(K2Native.kt:151)
	at org.jetbrains.kotlin.cli.bc.K2Native.doExecute(K2Native.kt:69)
	at org.jetbrains.kotlin.cli.bc.K2Native.doExecute(K2Native.kt:36)
	at org.jetbrains.kotlin.cli.common.CLICompiler.execImpl(CLICompiler.kt:104)
	at org.jetbrains.kotlin.cli.common.CLICompiler.execImpl(CLICompiler.kt:48)
	at org.jetbrains.kotlin.cli.common.CLITool.exec(CLITool.kt:101)
	at org.jetbrains.kotlin.cli.common.CLITool.exec(CLITool.kt:79)
	at org.jetbrains.kotlin.cli.common.CLITool.exec(CLITool.kt:43)
	at org.jetbrains.kotlin.cli.common.CLITool$Companion.doMainNoExit(CLITool.kt:180)
	at org.jetbrains.kotlin.cli.bc.K2Native$Companion$mainNoExitWithRenderer$1.invoke(K2Native.kt:188)
	at org.jetbrains.kotlin.cli.bc.K2Native$Companion$mainNoExitWithRenderer$1.invoke(K2Native.kt:187)
	at org.jetbrains.kotlin.util.UtilKt.profileIf(Util.kt:22)
	at org.jetbrains.kotlin.util.UtilKt.profile(Util.kt:16)
	at org.jetbrains.kotlin.cli.bc.K2Native$Companion.mainNoExitWithRenderer(K2Native.kt:187)
	at org.jetbrains.kotlin.cli.bc.K2NativeKt.mainNoExitWithGradleRenderer(K2Native.kt:205)
	at org.jetbrains.kotlin.cli.utilities.MainKt$daemonMain$1.invoke(main.kt:51)
	at org.jetbrains.kotlin.cli.utilities.MainKt$daemonMain$1.invoke(main.kt:51)
	at org.jetbrains.kotlin.cli.utilities.MainKt.mainImpl(main.kt:20)
	at org.jetbrains.kotlin.cli.utilities.MainKt.inProcessMain(main.kt:58)
	at org.jetbrains.kotlin.cli.utilities.MainKt.daemonMain(main.kt:51)
	at java.base/jdk.internal.reflect.NativeMethodAccessorImpl.invoke0(Native Method)
	at java.base/jdk.internal.reflect.NativeMethodAccessorImpl.invoke(NativeMethodAccessorImpl.java:77)
	at java.base/jdk.internal.reflect.DelegatingMethodAccessorImpl.invoke(DelegatingMethodAccessorImpl.java:43)
	at java.base/java.lang.reflect.Method.invoke(Method.java:569)
	at org.jetbrains.kotlin.compilerRunner.KotlinToolRunner.runInProcess(KotlinToolRunner.kt:198)
	at org.jetbrains.kotlin.compilerRunner.KotlinToolRunner.run(KotlinToolRunner.kt:135)
	at org.jetbrains.kotlin.compilerRunner.KotlinNativeToolRunner.run(nativeToolRunners.kt:146)
	at org.jetbrains.kotlin.gradle.tasks.KotlinNativeCompile$compile$1.invoke(KotlinNativeTasks.kt:546)
	at org.jetbrains.kotlin.gradle.tasks.KotlinNativeCompile$compile$1.invoke(KotlinNativeTasks.kt:529)
	at org.jetbrains.kotlin.compilerRunner.ReportUtilsKt.addBuildMetricsForTaskAction(reportUtils.kt:276)
	at org.jetbrains.kotlin.gradle.tasks.KotlinNativeCompile.compile(KotlinNativeTasks.kt:529)
	at java.base/jdk.internal.reflect.NativeMethodAccessorImpl.invoke0(Native Method)
	at java.base/jdk.internal.reflect.NativeMethodAccessorImpl.invoke(NativeMethodAccessorImpl.java:77)
	at java.base/jdk.internal.reflect.DelegatingMethodAccessorImpl.invoke(DelegatingMethodAccessorImpl.java:43)
	at java.base/java.lang.reflect.Method.invoke(Method.java:569)
	at org.gradle.internal.reflect.JavaMethod.invoke(JavaMethod.java:125)
	at org.gradle.api.internal.project.taskfactory.StandardTaskAction.doExecute(StandardTaskAction.java:58)
	at org.gradle.api.internal.project.taskfactory.StandardTaskAction.execute(StandardTaskAction.java:51)
	at org.gradle.api.internal.project.taskfactory.StandardTaskAction.execute(StandardTaskAction.java:29)
	at org.gradle.api.internal.tasks.execution.TaskExecution$3.run(TaskExecution.java:244)
	at org.gradle.internal.operations.DefaultBuildOperationRunner$1.execute(DefaultBuildOperationRunner.java:30)
	at org.gradle.internal.operations.DefaultBuildOperationRunner$1.execute(DefaultBuildOperationRunner.java:27)
	at org.gradle.internal.operations.DefaultBuildOperationRunner$2.execute(DefaultBuildOperationRunner.java:67)
	at org.gradle.internal.operations.DefaultBuildOperationRunner$2.execute(DefaultBuildOperationRunner.java:60)
	at org.gradle.internal.operations.DefaultBuildOperationRunner.execute(DefaultBuildOperationRunner.java:167)
	at org.gradle.internal.operations.DefaultBuildOperationRunner.execute(DefaultBuildOperationRunner.java:60)
	at org.gradle.internal.operations.DefaultBuildOperationRunner.run(DefaultBuildOperationRunner.java:48)
	at org.gradle.api.internal.tasks.execution.TaskExecution.executeAction(TaskExecution.java:229)
	at org.gradle.api.internal.tasks.execution.TaskExecution.executeActions(TaskExecution.java:212)
	at org.gradle.api.internal.tasks.execution.TaskExecution.executeWithPreviousOutputFiles(TaskExecution.java:195)
	at org.gradle.api.internal.tasks.execution.TaskExecution.execute(TaskExecution.java:162)
	at org.gradle.internal.execution.steps.ExecuteStep.executeInternal(ExecuteStep.java:105)
	at org.gradle.internal.execution.steps.ExecuteStep.access$000(ExecuteStep.java:44)
	at org.gradle.internal.execution.steps.ExecuteStep$1.call(ExecuteStep.java:59)
	at org.gradle.internal.execution.steps.ExecuteStep$1.call(ExecuteStep.java:56)
	at org.gradle.internal.operations.DefaultBuildOperationRunner$CallableBuildOperationWorker.execute(DefaultBuildOperationRunner.java:210)
	at org.gradle.internal.operations.DefaultBuildOperationRunner$CallableBuildOperationWorker.execute(DefaultBuildOperationRunner.java:205)
	at org.gradle.internal.operations.DefaultBuildOperationRunner$2.execute(DefaultBuildOperationRunner.java:67)
	at org.gradle.internal.operations.DefaultBuildOperationRunner$2.execute(DefaultBuildOperationRunner.java:60)
	at org.gradle.internal.operations.DefaultBuildOperationRunner.execute(DefaultBuildOperationRunner.java:167)
	at org.gradle.internal.operations.DefaultBuildOperationRunner.execute(DefaultBuildOperationRunner.java:60)
	at org.gradle.internal.operations.DefaultBuildOperationRunner.call(DefaultBuildOperationRunner.java:54)
	at org.gradle.internal.execution.steps.ExecuteStep.execute(ExecuteStep.java:56)
	at org.gradle.internal.execution.steps.ExecuteStep.execute(ExecuteStep.java:44)
	at org.gradle.internal.execution.steps.CancelExecutionStep.execute(CancelExecutionStep.java:42)
	at org.gradle.internal.execution.steps.TimeoutStep.executeWithoutTimeout(TimeoutStep.java:75)
	at org.gradle.internal.execution.steps.TimeoutStep.execute(TimeoutStep.java:55)
	at org.gradle.internal.execution.steps.PreCreateOutputParentsStep.execute(PreCreateOutputParentsStep.java:50)
	at org.gradle.internal.execution.steps.PreCreateOutputParentsStep.execute(PreCreateOutputParentsStep.java:28)
	at org.gradle.internal.execution.steps.RemovePreviousOutputsStep.execute(RemovePreviousOutputsStep.java:67)
	at org.gradle.internal.execution.steps.RemovePreviousOutputsStep.execute(RemovePreviousOutputsStep.java:37)
	at org.gradle.internal.execution.steps.BroadcastChangingOutputsStep.execute(BroadcastChangingOutputsStep.java:61)
	at org.gradle.internal.execution.steps.BroadcastChangingOutputsStep.execute(BroadcastChangingOutputsStep.java:26)
	at org.gradle.internal.execution.steps.CaptureOutputsAfterExecutionStep.execute(CaptureOutputsAfterExecutionStep.java:69)
	at org.gradle.internal.execution.steps.CaptureOutputsAfterExecutionStep.execute(CaptureOutputsAfterExecutionStep.java:46)
	at org.gradle.internal.execution.steps.ResolveInputChangesStep.execute(ResolveInputChangesStep.java:40)
	at org.gradle.internal.execution.steps.ResolveInputChangesStep.execute(ResolveInputChangesStep.java:29)
	at org.gradle.internal.execution.steps.BuildCacheStep.executeWithoutCache(BuildCacheStep.java:189)
	at org.gradle.internal.execution.steps.BuildCacheStep.lambda$execute$1(BuildCacheStep.java:75)
	at org.gradle.internal.Either$Right.fold(Either.java:175)
	at org.gradle.internal.execution.caching.CachingState.fold(CachingState.java:62)
	at org.gradle.internal.execution.steps.BuildCacheStep.execute(BuildCacheStep.java:73)
	at org.gradle.internal.execution.steps.BuildCacheStep.execute(BuildCacheStep.java:48)
	at org.gradle.internal.execution.steps.StoreExecutionStateStep.execute(StoreExecutionStateStep.java:46)
	at org.gradle.internal.execution.steps.StoreExecutionStateStep.execute(StoreExecutionStateStep.java:35)
	at org.gradle.internal.execution.steps.SkipUpToDateStep.executeBecause(SkipUpToDateStep.java:75)
	at org.gradle.internal.execution.steps.SkipUpToDateStep.lambda$execute$2(SkipUpToDateStep.java:53)
	at java.base/java.util.Optional.orElseGet(Optional.java:364)
	at org.gradle.internal.execution.steps.SkipUpToDateStep.execute(SkipUpToDateStep.java:53)
	at org.gradle.internal.execution.steps.SkipUpToDateStep.execute(SkipUpToDateStep.java:35)
	at org.gradle.internal.execution.steps.legacy.MarkSnapshottingInputsFinishedStep.execute(MarkSnapshottingInputsFinishedStep.java:37)
	at org.gradle.internal.execution.steps.legacy.MarkSnapshottingInputsFinishedStep.execute(MarkSnapshottingInputsFinishedStep.java:27)
	at org.gradle.internal.execution.steps.ResolveIncrementalCachingStateStep.executeDelegate(ResolveIncrementalCachingStateStep.java:49)
	at org.gradle.internal.execution.steps.ResolveIncrementalCachingStateStep.executeDelegate(ResolveIncrementalCachingStateStep.java:27)
	at org.gradle.internal.execution.steps.AbstractResolveCachingStateStep.execute(AbstractResolveCachingStateStep.java:71)
	at org.gradle.internal.execution.steps.AbstractResolveCachingStateStep.execute(AbstractResolveCachingStateStep.java:39)
	at org.gradle.internal.execution.steps.ResolveChangesStep.execute(ResolveChangesStep.java:65)
	at org.gradle.internal.execution.steps.ResolveChangesStep.execute(ResolveChangesStep.java:36)
	at org.gradle.internal.execution.steps.ValidateStep.execute(ValidateStep.java:107)
	at org.gradle.internal.execution.steps.ValidateStep.execute(ValidateStep.java:56)
	at org.gradle.internal.execution.steps.AbstractCaptureStateBeforeExecutionStep.execute(AbstractCaptureStateBeforeExecutionStep.java:64)
	at org.gradle.internal.execution.steps.AbstractCaptureStateBeforeExecutionStep.execute(AbstractCaptureStateBeforeExecutionStep.java:43)
	at org.gradle.internal.execution.steps.AbstractSkipEmptyWorkStep.executeWithNonEmptySources(AbstractSkipEmptyWorkStep.java:125)
	at org.gradle.internal.execution.steps.AbstractSkipEmptyWorkStep.execute(AbstractSkipEmptyWorkStep.java:61)
	at org.gradle.internal.execution.steps.AbstractSkipEmptyWorkStep.execute(AbstractSkipEmptyWorkStep.java:36)
	at org.gradle.internal.execution.steps.legacy.MarkSnapshottingInputsStartedStep.execute(MarkSnapshottingInputsStartedStep.java:38)
	at org.gradle.internal.execution.steps.LoadPreviousExecutionStateStep.execute(LoadPreviousExecutionStateStep.java:36)
	at org.gradle.internal.execution.steps.LoadPreviousExecutionStateStep.execute(LoadPreviousExecutionStateStep.java:23)
	at org.gradle.internal.execution.steps.HandleStaleOutputsStep.execute(HandleStaleOutputsStep.java:75)
	at org.gradle.internal.execution.steps.HandleStaleOutputsStep.execute(HandleStaleOutputsStep.java:41)
	at org.gradle.internal.execution.steps.AssignMutableWorkspaceStep.lambda$execute$0(AssignMutableWorkspaceStep.java:35)
	at org.gradle.api.internal.tasks.execution.TaskExecution$4.withWorkspace(TaskExecution.java:289)
	at org.gradle.internal.execution.steps.AssignMutableWorkspaceStep.execute(AssignMutableWorkspaceStep.java:31)
	at org.gradle.internal.execution.steps.AssignMutableWorkspaceStep.execute(AssignMutableWorkspaceStep.java:22)
	at org.gradle.internal.execution.steps.ChoosePipelineStep.execute(ChoosePipelineStep.java:40)
	at org.gradle.internal.execution.steps.ChoosePipelineStep.execute(ChoosePipelineStep.java:23)
	at org.gradle.internal.execution.steps.ExecuteWorkBuildOperationFiringStep.lambda$execute$2(ExecuteWorkBuildOperationFiringStep.java:67)
	at java.base/java.util.Optional.orElseGet(Optional.java:364)
	at org.gradle.internal.execution.steps.ExecuteWorkBuildOperationFiringStep.execute(ExecuteWorkBuildOperationFiringStep.java:67)
	at org.gradle.internal.execution.steps.ExecuteWorkBuildOperationFiringStep.execute(ExecuteWorkBuildOperationFiringStep.java:39)
	at org.gradle.internal.execution.steps.IdentityCacheStep.execute(IdentityCacheStep.java:46)
	at org.gradle.internal.execution.steps.IdentityCacheStep.execute(IdentityCacheStep.java:34)
	at org.gradle.internal.execution.steps.IdentifyStep.execute(IdentifyStep.java:48)
	at org.gradle.internal.execution.steps.IdentifyStep.execute(IdentifyStep.java:35)
	at org.gradle.internal.execution.impl.DefaultExecutionEngine$1.execute(DefaultExecutionEngine.java:61)
	at org.gradle.api.internal.tasks.execution.ExecuteActionsTaskExecuter.executeIfValid(ExecuteActionsTaskExecuter.java:127)
	at org.gradle.api.internal.tasks.execution.ExecuteActionsTaskExecuter.execute(ExecuteActionsTaskExecuter.java:116)
	at org.gradle.api.internal.tasks.execution.ProblemsTaskPathTrackingTaskExecuter.execute(ProblemsTaskPathTrackingTaskExecuter.java:40)
	at org.gradle.api.internal.tasks.execution.FinalizePropertiesTaskExecuter.execute(FinalizePropertiesTaskExecuter.java:46)
	at org.gradle.api.internal.tasks.execution.ResolveTaskExecutionModeExecuter.execute(ResolveTaskExecutionModeExecuter.java:51)
	at org.gradle.api.internal.tasks.execution.SkipTaskWithNoActionsExecuter.execute(SkipTaskWithNoActionsExecuter.java:57)
	at org.gradle.api.internal.tasks.execution.SkipOnlyIfTaskExecuter.execute(SkipOnlyIfTaskExecuter.java:74)
	at org.gradle.api.internal.tasks.execution.CatchExceptionTaskExecuter.execute(CatchExceptionTaskExecuter.java:36)
	at org.gradle.api.internal.tasks.execution.EventFiringTaskExecuter$1.executeTask(EventFiringTaskExecuter.java:77)
	at org.gradle.api.internal.tasks.execution.EventFiringTaskExecuter$1.call(EventFiringTaskExecuter.java:55)
	at org.gradle.api.internal.tasks.execution.EventFiringTaskExecuter$1.call(EventFiringTaskExecuter.java:52)
	at org.gradle.internal.operations.DefaultBuildOperationRunner$CallableBuildOperationWorker.execute(DefaultBuildOperationRunner.java:210)
	at org.gradle.internal.operations.DefaultBuildOperationRunner$CallableBuildOperationWorker.execute(DefaultBuildOperationRunner.java:205)
	at org.gradle.internal.operations.DefaultBuildOperationRunner$2.execute(DefaultBuildOperationRunner.java:67)
	at org.gradle.internal.operations.DefaultBuildOperationRunner$2.execute(DefaultBuildOperationRunner.java:60)
	at org.gradle.internal.operations.DefaultBuildOperationRunner.execute(DefaultBuildOperationRunner.java:167)
	at org.gradle.internal.operations.DefaultBuildOperationRunner.execute(DefaultBuildOperationRunner.java:60)
	at org.gradle.internal.operations.DefaultBuildOperationRunner.call(DefaultBuildOperationRunner.java:54)
	at org.gradle.api.internal.tasks.execution.EventFiringTaskExecuter.execute(EventFiringTaskExecuter.java:52)
	at org.gradle.execution.plan.LocalTaskNodeExecutor.execute(LocalTaskNodeExecutor.java:42)
	at org.gradle.execution.taskgraph.DefaultTaskExecutionGraph$InvokeNodeExecutorsAction.execute(DefaultTaskExecutionGraph.java:331)
	at org.gradle.execution.taskgraph.DefaultTaskExecutionGraph$InvokeNodeExecutorsAction.execute(DefaultTaskExecutionGraph.java:318)
	at org.gradle.execution.taskgraph.DefaultTaskExecutionGraph$BuildOperationAwareExecutionAction.lambda$execute$0(DefaultTaskExecutionGraph.java:314)
	at org.gradle.internal.operations.CurrentBuildOperationRef.with(CurrentBuildOperationRef.java:85)
	at org.gradle.execution.taskgraph.DefaultTaskExecutionGraph$BuildOperationAwareExecutionAction.execute(DefaultTaskExecutionGraph.java:314)
	at org.gradle.execution.taskgraph.DefaultTaskExecutionGraph$BuildOperationAwareExecutionAction.execute(DefaultTaskExecutionGraph.java:303)
	at org.gradle.execution.plan.DefaultPlanExecutor$ExecutorWorker.execute(DefaultPlanExecutor.java:459)
	at org.gradle.execution.plan.DefaultPlanExecutor$ExecutorWorker.run(DefaultPlanExecutor.java:376)
	at org.gradle.internal.concurrent.ExecutorPolicy$CatchAndRecordFailures.onExecute(ExecutorPolicy.java:64)
	at org.gradle.internal.concurrent.AbstractManagedExecutor$1.run(AbstractManagedExecutor.java:48)
	at java.base/java.util.concurrent.ThreadPoolExecutor.runWorker(ThreadPoolExecutor.java:1136)
	at java.base/java.util.concurrent.ThreadPoolExecutor$Worker.run(ThreadPoolExecutor.java:635)
	at java.base/java.lang.Thread.run(Thread.java:840)

e: Error occurred in KSP, check log for detail

FAILURE: Build failed with an exception.

* What went wrong:
Execution failed for task ':sample-plugin:kspKotlinLinuxArm64'.
> Compilation finished with errors

* Try:
> Run with --stacktrace option to get the stack trace.
> Run with --info or --debug option to get more log output.
> Run with --scan to get full insights.
> Get more help at https://help.gradle.org.

BUILD FAILED in 2s
14 actionable tasks: 5 executed, 9 up-to-date
