Device info:emulator
Build info:emulator 6.0.0.112(SP3DEVC00E112R4P11)
Fingerprint:a61a1766f63f4d9fc36d0aa11301adb9b6ace5423ebfa02ad8ba9169b504b027
Module name:com.wistom.myapplication
Version:1.0.0
VersionCode:1000000
PreInstalled:No
Foreground:Yes
Page switch history:
  23:20:25.895 :enters foreground
Timestamp:2026-04-05 23:20:28.189
Pid:21887
Uid:20020066
Process name:com.wistom.myapplication
Process life time:7s
Process Memory(kB): 174571(Rss)
Device Memory(kB): Total 3999384, Free 1753276, Available 2417372
Reason:Signal:SIGABRT(SI_TKILL)@0x01317b620000557f from:21887:20020066
Fault thread info:
Tid:21887, Name:m.myapplication
#00 pc 00000000001b0958 /system/lib/ld-musl-aarch64.so.1(raise+216)(d5f6d7dc8423ef69e35b3451d02f9fa5)
#01 pc 000000000015c8d8 /system/lib/ld-musl-aarch64.so.1(abort+24)(d5f6d7dc8423ef69e35b3451d02f9fa5)
#02 pc 00000000001881f8 /data/storage/el1/bundle/libs/arm64/libsample_plugin.so(45053f4464cccb27)
#03 pc 0000000000188ff0 /data/storage/el1/bundle/libs/arm64/libsample_plugin.so(45053f4464cccb27)
#04 pc 0000000000188f40 /data/storage/el1/bundle/libs/arm64/libsample_plugin.so(45053f4464cccb27)
#05 pc 0000000000188d80 /data/storage/el1/bundle/libs/arm64/libsample_plugin.so(45053f4464cccb27)
#06 pc 0000000000188d64 /data/storage/el1/bundle/libs/arm64/libsample_plugin.so(45053f4464cccb27)
#07 pc 0000000000188c78 /data/storage/el1/bundle/libs/arm64/libsample_plugin.so(45053f4464cccb27)
#08 pc 0000000000199a14 /data/storage/el1/bundle/libs/arm64/libsample_plugin.so(__cxxabiv1::__terminate(void (*)())+8)(45053f4464cccb27)
#09 pc 0000000000199a5c /data/storage/el1/bundle/libs/arm64/libsample_plugin.so(std::terminate()+12)(45053f4464cccb27)
#10 pc 00000000001997ac /data/storage/el1/bundle/libs/arm64/libsample_plugin.so(__cxa_throw+76)(45053f4464cccb27)
#11 pc 000000000018181c /data/storage/el1/bundle/libs/arm64/libsample_plugin.so(45053f4464cccb27)
#12 pc 0000000000188aec /data/storage/el1/bundle/libs/arm64/libsample_plugin.so(45053f4464cccb27)
========SubmitterStacktrace========
#00 pc 00000000000123d0 /system/lib64/platformsdk/libuv.so(uv_timer_start+128)(04879e4a1c1c228142c4688305eac617)
#01 pc 0000000000012a14 /system/lib64/platformsdk/libuv.so(04879e4a1c1c228142c4688305eac617)
#02 pc 0000000000015f40 /system/lib64/platformsdk/libuv.so(uv_run+184)(04879e4a1c1c228142c4688305eac617)
#03 pc 000000000009c3d8 /system/lib64/platformsdk/libruntime.z.so(OHOS::AbilityRuntime::OHOSLoopHandler::OnTriggered()+208)(08f24723d84b96ebb8daeeeee3d01cc6)
#04 pc 000000000009ca14 /system/lib64/platformsdk/libruntime.z.so(08f24723d84b96ebb8daeeeee3d01cc6)
#05 pc 0000000000019200 /system/lib64/chipset-sdk-sp/libeventhandler.z.so(OHOS::AppExecFwk::EventHandler::DistributeEvent(std::__h::unique_ptr<OHOS::AppExecFwk::InnerEvent, void (*)(OHOS::AppExecFwk::InnerEvent*)> const&)+948)(9864475de1774b42153a4f4ce278c1a2)
#06 pc 000000000002c2dc /system/lib64/chipset-sdk-sp/libeventhandler.z.so(9864475de1774b42153a4f4ce278c1a2)
#07 pc 000000000002bcf8 /system/lib64/chipset-sdk-sp/libeventhandler.z.so(9864475de1774b42153a4f4ce278c1a2)
#08 pc 0000000000029d08 /system/lib64/chipset-sdk-sp/libeventhandler.z.so(OHOS::AppExecFwk::EventRunner::Run()+496)(9864475de1774b42153a4f4ce278c1a2)
#09 pc 00000000000d198c /system/lib64/platformsdk/libappkit_native.z.so(OHOS::AppExecFwk::MainThread::Start()+564)(bee4b1d167ce9e7c4dbdf1e2ea63217a)
#10 pc 00000000000056e0 /system/lib64/appspawn/appspawn/libappspawn_ace.z.so(228730dd84d2ec42039dd306013b3619)
#11 pc 000000000000bd10 /system/bin/appspawn(0a68fb73086890543681aa48184a5bbe)
#12 pc 0000000000014f80 /system/bin/appspawn(0a68fb73086890543681aa48184a5bbe)
#13 pc 0000000000012c8c /system/bin/appspawn(0a68fb73086890543681aa48184a5bbe)
#14 pc 00000000000178a8 /system/lib64/chipset-sdk-sp/libbegetutil.z.so(606ab760b489739e60d0c9e626373cfe)
#15 pc 0000000000017334 /system/lib64/chipset-sdk-sp/libbegetutil.z.so(606ab760b489739e60d0c9e626373cfe)
Registers:
x0:0000000000000000 x1:0000007fe86ccf20 x2:0000000000000000 x3:0000000000000008
x4:0000007f93d3c900 x5:0000000000000004 x6:006e007500520069 x7:0065006d00690074
x8:0000000000000087 x9:0000007fac127e90 x10:0000007f93bd4100 x11:0000007fe86cccd0
x12:00000000081e61e0 x13:00690074006e0075 x14:005f00300053004e x15:0073004a00380031
x16:0000007f791e1f78 x17:0000007fac07f8c0 x18:0000007fe86ccbe8 x19:0000000000000000
x20:0000007fac410000 x21:0000007f93bd4200 x22:0000000000000000 x23:0000007f791e0000
x24:0000007f7a49c4a0 x25:0000007fe86cd210 x26:0000007fe86cd208 x27:0000007fe86cd1f8
x28:0000007f90901498 x29:0000007fe86ccfa0
lr:0000007fac07f8dc sp:0000007fe86ccf20 pc:0000007fac0d3958
pstate:0000000000000000 esr:0000000000000000
Other thread info:
Tid:22048, Name:OS_IPC_0_22048
#00 pc 000000000018a584 /system/lib/ld-musl-aarch64.so.1(ioctl+160)(d5f6d7dc8423ef69e35b3451d02f9fa5)
#01 pc 000000000000eff8 /system/lib64/chipset-sdk-sp/libipc_common.z.so(OHOS::BinderConnector::WriteBinder(unsigned long, void*)+84)(f570a22a9681ede6dc3124aa9d35b1c5)
#02 pc 000000000006eca4 /system/lib64/chipset-sdk-sp/libipc_single.z.so(OHOS::BinderInvoker::TransactWithDriver(bool)+284)(ae9b23a35b938b66701793be631ffc09)
#03 pc 000000000006f010 /system/lib64/chipset-sdk-sp/libipc_single.z.so(OHOS::BinderInvoker::StartWorkLoop()+96)(ae9b23a35b938b66701793be631ffc09)
#04 pc 0000000000071318 /system/lib64/chipset-sdk-sp/libipc_single.z.so(OHOS::BinderInvoker::JoinThread(bool)+80)(ae9b23a35b938b66701793be631ffc09)
#05 pc 0000000000067410 /system/lib64/chipset-sdk-sp/libipc_single.z.so(OHOS::IPCWorkThread::ThreadHandler(void*)+904)(ae9b23a35b938b66701793be631ffc09)
#06 pc 00000000001d0a2c /system/lib/ld-musl-aarch64.so.1(d5f6d7dc8423ef69e35b3451d02f9fa5)
#07 pc 00000000000aa27c /system/lib/ld-musl-aarch64.so.1(d5f6d7dc8423ef69e35b3451d02f9fa5)
Tid:22049, Name:OS_DfxWatchdog
#00 pc 00000000001cc238 /system/lib/ld-musl-aarch64.so.1(d5f6d7dc8423ef69e35b3451d02f9fa5)
#01 pc 00000000001ce30c /system/lib/ld-musl-aarch64.so.1(pthread_cond_timedwait+172)(d5f6d7dc8423ef69e35b3451d02f9fa5)
#02 pc 00000000000179c8 /system/lib64/chipset-sdk-sp/libhicollie.z.so(f5601b1b1658170529df7fb38a3fc20c)
#03 pc 0000000000017710 /system/lib64/chipset-sdk-sp/libhicollie.z.so(f5601b1b1658170529df7fb38a3fc20c)
#04 pc 0000000000020d64 /system/lib64/chipset-sdk-sp/libhicollie.z.so(f5601b1b1658170529df7fb38a3fc20c)
#05 pc 00000000001d0a2c /system/lib/ld-musl-aarch64.so.1(d5f6d7dc8423ef69e35b3451d02f9fa5)
#06 pc 00000000000aa27c /system/lib/ld-musl-aarch64.so.1(d5f6d7dc8423ef69e35b3451d02f9fa5)
#07 pc 00000000005f4dec /system/lib64/platformsdk/libark_jsruntime.so(panda::ecmascript::JSThread::TransferToRunning()+20)(7c34c5214e302d747b5045b5b8c1b41f)
Tid:22054, Name:OS_IPC_1_22054
#00 pc 000000000018a584 /system/lib/ld-musl-aarch64.so.1(ioctl+160)(d5f6d7dc8423ef69e35b3451d02f9fa5)
#01 pc 000000000000eff8 /system/lib64/chipset-sdk-sp/libipc_common.z.so(OHOS::BinderConnector::WriteBinder(unsigned long, void*)+84)(f570a22a9681ede6dc3124aa9d35b1c5)
#02 pc 000000000006eca4 /system/lib64/chipset-sdk-sp/libipc_single.z.so(OHOS::BinderInvoker::TransactWithDriver(bool)+284)(ae9b23a35b938b66701793be631ffc09)
#03 pc 000000000006f010 /system/lib64/chipset-sdk-sp/libipc_single.z.so(OHOS::BinderInvoker::StartWorkLoop()+96)(ae9b23a35b938b66701793be631ffc09)
#04 pc 0000000000071318 /system/lib64/chipset-sdk-sp/libipc_single.z.so(OHOS::BinderInvoker::JoinThread(bool)+80)(ae9b23a35b938b66701793be631ffc09)
#05 pc 0000000000067410 /system/lib64/chipset-sdk-sp/libipc_single.z.so(OHOS::IPCWorkThread::ThreadHandler(void*)+904)(ae9b23a35b938b66701793be631ffc09)
#06 pc 00000000001d0a2c /system/lib/ld-musl-aarch64.so.1(d5f6d7dc8423ef69e35b3451d02f9fa5)
#07 pc 00000000000aa27c /system/lib/ld-musl-aarch64.so.1(d5f6d7dc8423ef69e35b3451d02f9fa5)
Tid:22055, Name:OS_FFRT_2_0
#00 pc 00000000001cc238 /system/lib/ld-musl-aarch64.so.1(d5f6d7dc8423ef69e35b3451d02f9fa5)
#01 pc 00000000001ce30c /system/lib/ld-musl-aarch64.so.1(pthread_cond_timedwait+172)(d5f6d7dc8423ef69e35b3451d02f9fa5)
#02 pc 000000000008dc2c /system/lib64/ndk/libffrt.so(ffrt::SExecuteUnit::WorkerIdleAction(ffrt::CPUWorker*)+368)(835625cb02c0975357d8f3aba36680cc)
#03 pc 000000000007a5d8 /system/lib64/ndk/libffrt.so(ffrt::CPUWorker::WorkerLooper(ffrt::CPUWorker*)+196)(835625cb02c0975357d8f3aba36680cc)
#04 pc 000000000007a2f0 /system/lib64/ndk/libffrt.so(ffrt::CPUWorker::Dispatch(ffrt::CPUWorker*)+156)(835625cb02c0975357d8f3aba36680cc)
#05 pc 000000000007a07c /system/lib64/ndk/libffrt.so(ffrt::CPUWorker::WrapDispatch(void*)+52)(835625cb02c0975357d8f3aba36680cc)
#06 pc 00000000001d0a2c /system/lib/ld-musl-aarch64.so.1(d5f6d7dc8423ef69e35b3451d02f9fa5)
#07 pc 00000000000aa27c /system/lib/ld-musl-aarch64.so.1(d5f6d7dc8423ef69e35b3451d02f9fa5)
Tid:22056, Name:OS_FFRT_Delay
#00 pc 000000000016a638 /system/lib/ld-musl-aarch64.so.1(epoll_wait+84)(d5f6d7dc8423ef69e35b3451d02f9fa5)
#01 pc 00000000000b1f68 /system/lib64/ndk/libffrt.so(835625cb02c0975357d8f3aba36680cc)
#02 pc 00000000001d0a2c /system/lib/ld-musl-aarch64.so.1(d5f6d7dc8423ef69e35b3451d02f9fa5)
#03 pc 00000000000aa27c /system/lib/ld-musl-aarch64.so.1(d5f6d7dc8423ef69e35b3451d02f9fa5)
Tid:22057, Name:OS_GC_Thread
#00 pc 00000000001cc238 /system/lib/ld-musl-aarch64.so.1(d5f6d7dc8423ef69e35b3451d02f9fa5)
#01 pc 00000000001ce30c /system/lib/ld-musl-aarch64.so.1(pthread_cond_timedwait+172)(d5f6d7dc8423ef69e35b3451d02f9fa5)
#02 pc 0000000000852c34 /system/lib64/platformsdk/libark_jsruntime.so(7c34c5214e302d747b5045b5b8c1b41f)
#03 pc 0000000000852b74 /system/lib64/platformsdk/libark_jsruntime.so(7c34c5214e302d747b5045b5b8c1b41f)
#04 pc 0000000000852f0c /system/lib64/platformsdk/libark_jsruntime.so(7c34c5214e302d747b5045b5b8c1b41f)
#05 pc 00000000001d0a2c /system/lib/ld-musl-aarch64.so.1(d5f6d7dc8423ef69e35b3451d02f9fa5)
#06 pc 00000000000aa27c /system/lib/ld-musl-aarch64.so.1(d5f6d7dc8423ef69e35b3451d02f9fa5)
Tid:22058, Name:OS_GC_Thread
#00 pc 00000000001cc238 /system/lib/ld-musl-aarch64.so.1(d5f6d7dc8423ef69e35b3451d02f9fa5)
#01 pc 00000000001ce30c /system/lib/ld-musl-aarch64.so.1(pthread_cond_timedwait+172)(d5f6d7dc8423ef69e35b3451d02f9fa5)
#02 pc 00000000008a76e8 /system/lib64/platformsdk/libark_jsruntime.so(7c34c5214e302d747b5045b5b8c1b41f)
#03 pc 00000000008a7094 /system/lib64/platformsdk/libark_jsruntime.so(7c34c5214e302d747b5045b5b8c1b41f)
#04 pc 00000000008a6bb8 /system/lib64/platformsdk/libark_jsruntime.so(7c34c5214e302d747b5045b5b8c1b41f)
#05 pc 00000000008a6ca0 /system/lib64/platformsdk/libark_jsruntime.so(7c34c5214e302d747b5045b5b8c1b41f)
#06 pc 00000000001d0a2c /system/lib/ld-musl-aarch64.so.1(d5f6d7dc8423ef69e35b3451d02f9fa5)
#07 pc 00000000000aa27c /system/lib/ld-musl-aarch64.so.1(d5f6d7dc8423ef69e35b3451d02f9fa5)
Tid:22059, Name:OS_GC_Thread
Tid:22060, Name:OS_GC_Thread
#00 pc 00000000001cc238 /system/lib/ld-musl-aarch64.so.1(d5f6d7dc8423ef69e35b3451d02f9fa5)
#01 pc 00000000001ce30c /system/lib/ld-musl-aarch64.so.1(pthread_cond_timedwait+172)(d5f6d7dc8423ef69e35b3451d02f9fa5)
#02 pc 00000000008a76e8 /system/lib64/platformsdk/libark_jsruntime.so(7c34c5214e302d747b5045b5b8c1b41f)
#03 pc 00000000008a7094 /system/lib64/platformsdk/libark_jsruntime.so(7c34c5214e302d747b5045b5b8c1b41f)
#04 pc 00000000008a6bb8 /system/lib64/platformsdk/libark_jsruntime.so(7c34c5214e302d747b5045b5b8c1b41f)
#05 pc 00000000008a6ca0 /system/lib64/platformsdk/libark_jsruntime.so(7c34c5214e302d747b5045b5b8c1b41f)
#06 pc 00000000001d0a2c /system/lib/ld-musl-aarch64.so.1(d5f6d7dc8423ef69e35b3451d02f9fa5)
#07 pc 00000000000aa27c /system/lib/ld-musl-aarch64.so.1(d5f6d7dc8423ef69e35b3451d02f9fa5)
Tid:22063, Name:OS_FFRT_3_0
#00 pc 00000000001cc238 /system/lib/ld-musl-aarch64.so.1(d5f6d7dc8423ef69e35b3451d02f9fa5)
#01 pc 00000000001ce30c /system/lib/ld-musl-aarch64.so.1(pthread_cond_timedwait+172)(d5f6d7dc8423ef69e35b3451d02f9fa5)
#02 pc 000000000008dc2c /system/lib64/ndk/libffrt.so(ffrt::SExecuteUnit::WorkerIdleAction(ffrt::CPUWorker*)+368)(835625cb02c0975357d8f3aba36680cc)
#03 pc 000000000007a5d8 /system/lib64/ndk/libffrt.so(ffrt::CPUWorker::WorkerLooper(ffrt::CPUWorker*)+196)(835625cb02c0975357d8f3aba36680cc)
#04 pc 000000000007a2f0 /system/lib64/ndk/libffrt.so(ffrt::CPUWorker::Dispatch(ffrt::CPUWorker*)+156)(835625cb02c0975357d8f3aba36680cc)
#05 pc 000000000007a07c /system/lib64/ndk/libffrt.so(ffrt::CPUWorker::WrapDispatch(void*)+52)(835625cb02c0975357d8f3aba36680cc)
#06 pc 00000000001d0a2c /system/lib/ld-musl-aarch64.so.1(d5f6d7dc8423ef69e35b3451d02f9fa5)
#07 pc 00000000000aa27c /system/lib/ld-musl-aarch64.so.1(d5f6d7dc8423ef69e35b3451d02f9fa5)
Tid:22064, Name:OS_hdcRegister
#00 pc 000000000016a638 /system/lib/ld-musl-aarch64.so.1(epoll_wait+84)(d5f6d7dc8423ef69e35b3451d02f9fa5)
#01 pc 00000000000055a4 /system/lib64/platformsdk/libhdc_register.z.so(Hdc::HdcJdwpSimulator::ReadFromJdwp()+204)(893b49e3262f7fc09268649bbe2ed61f)
#02 pc 0000000000005b58 /system/lib64/platformsdk/libhdc_register.z.so(Hdc::HdcJdwpSimulator::Connect()+220)(893b49e3262f7fc09268649bbe2ed61f)
#03 pc 000000000000441c /system/lib64/platformsdk/libhdc_register.z.so(Hdc::HdcConnectRun(void*)+484)(893b49e3262f7fc09268649bbe2ed61f)
#04 pc 00000000001d0a2c /system/lib/ld-musl-aarch64.so.1(d5f6d7dc8423ef69e35b3451d02f9fa5)
#05 pc 00000000000aa27c /system/lib/ld-musl-aarch64.so.1(d5f6d7dc8423ef69e35b3451d02f9fa5)
Tid:22065, Name:OS_EVENT_POLL
#00 pc 000000000016a638 /system/lib/ld-musl-aarch64.so.1(epoll_wait+84)(d5f6d7dc8423ef69e35b3451d02f9fa5)
#01 pc 0000000000014334 /system/lib64/chipset-sdk-sp/libeventhandler.z.so(9864475de1774b42153a4f4ce278c1a2)
#02 pc 00000000000154fc /system/lib64/chipset-sdk-sp/libeventhandler.z.so(9864475de1774b42153a4f4ce278c1a2)
#03 pc 00000000001d0a2c /system/lib/ld-musl-aarch64.so.1(d5f6d7dc8423ef69e35b3451d02f9fa5)
#04 pc 00000000000aa27c /system/lib/ld-musl-aarch64.so.1(d5f6d7dc8423ef69e35b3451d02f9fa5)
#05 pc 000000003c5a524c [stack]
Tid:22068, Name:OS_IPC_2_22068
#00 pc 000000000018a584 /system/lib/ld-musl-aarch64.so.1(ioctl+160)(d5f6d7dc8423ef69e35b3451d02f9fa5)
#01 pc 000000000000eff8 /system/lib64/chipset-sdk-sp/libipc_common.z.so(OHOS::BinderConnector::WriteBinder(unsigned long, void*)+84)(f570a22a9681ede6dc3124aa9d35b1c5)
#02 pc 000000000006eca4 /system/lib64/chipset-sdk-sp/libipc_single.z.so(OHOS::BinderInvoker::TransactWithDriver(bool)+284)(ae9b23a35b938b66701793be631ffc09)
#03 pc 000000000006f010 /system/lib64/chipset-sdk-sp/libipc_single.z.so(OHOS::BinderInvoker::StartWorkLoop()+96)(ae9b23a35b938b66701793be631ffc09)
#04 pc 0000000000071318 /system/lib64/chipset-sdk-sp/libipc_single.z.so(OHOS::BinderInvoker::JoinThread(bool)+80)(ae9b23a35b938b66701793be631ffc09)
#05 pc 0000000000067410 /system/lib64/chipset-sdk-sp/libipc_single.z.so(OHOS::IPCWorkThread::ThreadHandler(void*)+904)(ae9b23a35b938b66701793be631ffc09)
#06 pc 00000000001d0a2c /system/lib/ld-musl-aarch64.so.1(d5f6d7dc8423ef69e35b3451d02f9fa5)
#07 pc 00000000000aa27c /system/lib/ld-musl-aarch64.so.1(d5f6d7dc8423ef69e35b3451d02f9fa5)
Tid:22069, Name:OS_IPC_3_22069
#00 pc 000000000018a584 /system/lib/ld-musl-aarch64.so.1(ioctl+160)(d5f6d7dc8423ef69e35b3451d02f9fa5)
#01 pc 000000000000eff8 /system/lib64/chipset-sdk-sp/libipc_common.z.so(OHOS::BinderConnector::WriteBinder(unsigned long, void*)+84)(f570a22a9681ede6dc3124aa9d35b1c5)
#02 pc 000000000006eca4 /system/lib64/chipset-sdk-sp/libipc_single.z.so(OHOS::BinderInvoker::TransactWithDriver(bool)+284)(ae9b23a35b938b66701793be631ffc09)
#03 pc 000000000006f010 /system/lib64/chipset-sdk-sp/libipc_single.z.so(OHOS::BinderInvoker::StartWorkLoop()+96)(ae9b23a35b938b66701793be631ffc09)
#04 pc 0000000000071318 /system/lib64/chipset-sdk-sp/libipc_single.z.so(OHOS::BinderInvoker::JoinThread(bool)+80)(ae9b23a35b938b66701793be631ffc09)
#05 pc 0000000000067410 /system/lib64/chipset-sdk-sp/libipc_single.z.so(OHOS::IPCWorkThread::ThreadHandler(void*)+904)(ae9b23a35b938b66701793be631ffc09)
#06 pc 00000000001d0a2c /system/lib/ld-musl-aarch64.so.1(d5f6d7dc8423ef69e35b3451d02f9fa5)
#07 pc 00000000000aa27c /system/lib/ld-musl-aarch64.so.1(d5f6d7dc8423ef69e35b3451d02f9fa5)
Tid:22076, Name:OS_FFRT_0_0
#00 pc 00000000001cc238 /system/lib/ld-musl-aarch64.so.1(d5f6d7dc8423ef69e35b3451d02f9fa5)
#01 pc 00000000001ce30c /system/lib/ld-musl-aarch64.so.1(pthread_cond_timedwait+172)(d5f6d7dc8423ef69e35b3451d02f9fa5)
#02 pc 000000000008dc2c /system/lib64/ndk/libffrt.so(ffrt::SExecuteUnit::WorkerIdleAction(ffrt::CPUWorker*)+368)(835625cb02c0975357d8f3aba36680cc)
#03 pc 000000000007a5d8 /system/lib64/ndk/libffrt.so(ffrt::CPUWorker::WorkerLooper(ffrt::CPUWorker*)+196)(835625cb02c0975357d8f3aba36680cc)
#04 pc 000000000007a2f0 /system/lib64/ndk/libffrt.so(ffrt::CPUWorker::Dispatch(ffrt::CPUWorker*)+156)(835625cb02c0975357d8f3aba36680cc)
#05 pc 000000000007a07c /system/lib64/ndk/libffrt.so(ffrt::CPUWorker::WrapDispatch(void*)+52)(835625cb02c0975357d8f3aba36680cc)
#06 pc 00000000001d0a2c /system/lib/ld-musl-aarch64.so.1(d5f6d7dc8423ef69e35b3451d02f9fa5)
#07 pc 00000000000aa27c /system/lib/ld-musl-aarch64.so.1(d5f6d7dc8423ef69e35b3451d02f9fa5)
Tid:22110, Name:OS_IPC_4_22110
#00 pc 000000000018a584 /system/lib/ld-musl-aarch64.so.1(ioctl+160)(d5f6d7dc8423ef69e35b3451d02f9fa5)
#01 pc 000000000000eff8 /system/lib64/chipset-sdk-sp/libipc_common.z.so(OHOS::BinderConnector::WriteBinder(unsigned long, void*)+84)(f570a22a9681ede6dc3124aa9d35b1c5)
#02 pc 000000000006eca4 /system/lib64/chipset-sdk-sp/libipc_single.z.so(OHOS::BinderInvoker::TransactWithDriver(bool)+284)(ae9b23a35b938b66701793be631ffc09)
#03 pc 000000000006f010 /system/lib64/chipset-sdk-sp/libipc_single.z.so(OHOS::BinderInvoker::StartWorkLoop()+96)(ae9b23a35b938b66701793be631ffc09)
#04 pc 0000000000071318 /system/lib64/chipset-sdk-sp/libipc_single.z.so(OHOS::BinderInvoker::JoinThread(bool)+80)(ae9b23a35b938b66701793be631ffc09)
#05 pc 0000000000067410 /system/lib64/chipset-sdk-sp/libipc_single.z.so(OHOS::IPCWorkThread::ThreadHandler(void*)+904)(ae9b23a35b938b66701793be631ffc09)
#06 pc 00000000001d0a2c /system/lib/ld-musl-aarch64.so.1(d5f6d7dc8423ef69e35b3451d02f9fa5)
#07 pc 00000000000aa27c /system/lib/ld-musl-aarch64.so.1(d5f6d7dc8423ef69e35b3451d02f9fa5)
Tid:22117, Name:OS_MainDisplayS
#00 pc 000000000016a638 /system/lib/ld-musl-aarch64.so.1(epoll_wait+84)(d5f6d7dc8423ef69e35b3451d02f9fa5)
#01 pc 0000000000017008 /system/lib64/chipset-sdk-sp/libeventhandler.z.so(9864475de1774b42153a4f4ce278c1a2)
#02 pc 000000000001cea0 /system/lib64/chipset-sdk-sp/libeventhandler.z.so(OHOS::AppExecFwk::EventQueue::WaitUntilLocked(std::__h::chrono::time_point<std::__h::chrono::steady_clock, std::__h::chrono::duration<long long, std::__h::ratio<1l, 1000000000l>>> const&, std::__h::unique_lock<std::__h::mutex>&, bool)+112)(9864475de1774b42153a4f4ce278c1a2)
#03 pc 0000000000021bf4 /system/lib64/chipset-sdk-sp/libeventhandler.z.so(OHOS::AppExecFwk::EventQueueBase::GetEvent()+160)(9864475de1774b42153a4f4ce278c1a2)
#04 pc 000000000002bd08 /system/lib64/chipset-sdk-sp/libeventhandler.z.so(9864475de1774b42153a4f4ce278c1a2)
#05 pc 0000000000028a10 /system/lib64/chipset-sdk-sp/libeventhandler.z.so(9864475de1774b42153a4f4ce278c1a2)
#06 pc 000000000002d888 /system/lib64/chipset-sdk-sp/libeventhandler.z.so(9864475de1774b42153a4f4ce278c1a2)
#07 pc 00000000001d0a2c /system/lib/ld-musl-aarch64.so.1(d5f6d7dc8423ef69e35b3451d02f9fa5)
#08 pc 00000000000aa27c /system/lib/ld-musl-aarch64.so.1(d5f6d7dc8423ef69e35b3451d02f9fa5)
Tid:22120, Name:OS_IPC_5_22120
#00 pc 000000000018a584 /system/lib/ld-musl-aarch64.so.1(ioctl+160)(d5f6d7dc8423ef69e35b3451d02f9fa5)
#01 pc 000000000000eff8 /system/lib64/chipset-sdk-sp/libipc_common.z.so(OHOS::BinderConnector::WriteBinder(unsigned long, void*)+84)(f570a22a9681ede6dc3124aa9d35b1c5)
#02 pc 000000000006eca4 /system/lib64/chipset-sdk-sp/libipc_single.z.so(OHOS::BinderInvoker::TransactWithDriver(bool)+284)(ae9b23a35b938b66701793be631ffc09)
#03 pc 000000000006f010 /system/lib64/chipset-sdk-sp/libipc_single.z.so(OHOS::BinderInvoker::StartWorkLoop()+96)(ae9b23a35b938b66701793be631ffc09)
#04 pc 0000000000071318 /system/lib64/chipset-sdk-sp/libipc_single.z.so(OHOS::BinderInvoker::JoinThread(bool)+80)(ae9b23a35b938b66701793be631ffc09)
#05 pc 0000000000067410 /system/lib64/chipset-sdk-sp/libipc_single.z.so(OHOS::IPCWorkThread::ThreadHandler(void*)+904)(ae9b23a35b938b66701793be631ffc09)
#06 pc 00000000001d0a2c /system/lib/ld-musl-aarch64.so.1(d5f6d7dc8423ef69e35b3451d02f9fa5)
#07 pc 00000000000aa27c /system/lib/ld-musl-aarch64.so.1(d5f6d7dc8423ef69e35b3451d02f9fa5)
Tid:22122, Name:ace.bg.1
#00 pc 00000000001cc238 /system/lib/ld-musl-aarch64.so.1(d5f6d7dc8423ef69e35b3451d02f9fa5)
#01 pc 00000000001ce30c /system/lib/ld-musl-aarch64.so.1(pthread_cond_timedwait+172)(d5f6d7dc8423ef69e35b3451d02f9fa5)
#02 pc 00000000000c4984 /system/lib64/chipset-sdk-sp/libc++.so(std::__h::condition_variable::wait(std::__h::unique_lock<std::__h::mutex>&)+32)(4c257fafd66f57a4f1f873163a520100e191a256)
#03 pc 00000000009ead74 /system/lib64/platformsdk/libace_compatible.z.so(3079aaeecb2a3f18a463725f9839a1ba)
#04 pc 00000000009eb064 /system/lib64/platformsdk/libace_compatible.z.so(3079aaeecb2a3f18a463725f9839a1ba)
#05 pc 00000000001d0a2c /system/lib/ld-musl-aarch64.so.1(d5f6d7dc8423ef69e35b3451d02f9fa5)
#06 pc 00000000000aa27c /system/lib/ld-musl-aarch64.so.1(d5f6d7dc8423ef69e35b3451d02f9fa5)
Tid:22123, Name:ace.bg.2
#00 pc 00000000001cc238 /system/lib/ld-musl-aarch64.so.1(d5f6d7dc8423ef69e35b3451d02f9fa5)
#01 pc 00000000001ce30c /system/lib/ld-musl-aarch64.so.1(pthread_cond_timedwait+172)(d5f6d7dc8423ef69e35b3451d02f9fa5)
#02 pc 00000000000c4984 /system/lib64/chipset-sdk-sp/libc++.so(std::__h::condition_variable::wait(std::__h::unique_lock<std::__h::mutex>&)+32)(4c257fafd66f57a4f1f873163a520100e191a256)
#03 pc 00000000009ead74 /system/lib64/platformsdk/libace_compatible.z.so(3079aaeecb2a3f18a463725f9839a1ba)
#04 pc 00000000009eb064 /system/lib64/platformsdk/libace_compatible.z.so(3079aaeecb2a3f18a463725f9839a1ba)
#05 pc 00000000001d0a2c /system/lib/ld-musl-aarch64.so.1(d5f6d7dc8423ef69e35b3451d02f9fa5)
#06 pc 00000000000aa27c /system/lib/ld-musl-aarch64.so.1(d5f6d7dc8423ef69e35b3451d02f9fa5)
Tid:22124, Name:ace.bg.3
#00 pc 00000000001cc238 /system/lib/ld-musl-aarch64.so.1(d5f6d7dc8423ef69e35b3451d02f9fa5)
#01 pc 00000000001ce30c /system/lib/ld-musl-aarch64.so.1(pthread_cond_timedwait+172)(d5f6d7dc8423ef69e35b3451d02f9fa5)
#02 pc 00000000000c4984 /system/lib64/chipset-sdk-sp/libc++.so(std::__h::condition_variable::wait(std::__h::unique_lock<std::__h::mutex>&)+32)(4c257fafd66f57a4f1f873163a520100e191a256)
#03 pc 00000000009ead74 /system/lib64/platformsdk/libace_compatible.z.so(3079aaeecb2a3f18a463725f9839a1ba)
#04 pc 00000000009eb064 /system/lib64/platformsdk/libace_compatible.z.so(3079aaeecb2a3f18a463725f9839a1ba)
#05 pc 00000000001d0a2c /system/lib/ld-musl-aarch64.so.1(d5f6d7dc8423ef69e35b3451d02f9fa5)
#06 pc 00000000000aa27c /system/lib/ld-musl-aarch64.so.1(d5f6d7dc8423ef69e35b3451d02f9fa5)
Tid:22125, Name:ace.bg.4
#00 pc 00000000001cc238 /system/lib/ld-musl-aarch64.so.1(d5f6d7dc8423ef69e35b3451d02f9fa5)
#01 pc 00000000001ce30c /system/lib/ld-musl-aarch64.so.1(pthread_cond_timedwait+172)(d5f6d7dc8423ef69e35b3451d02f9fa5)
#02 pc 00000000000c4984 /system/lib64/chipset-sdk-sp/libc++.so(std::__h::condition_variable::wait(std::__h::unique_lock<std::__h::mutex>&)+32)(4c257fafd66f57a4f1f873163a520100e191a256)
#03 pc 00000000009ead74 /system/lib64/platformsdk/libace_compatible.z.so(3079aaeecb2a3f18a463725f9839a1ba)
#04 pc 00000000009eb064 /system/lib64/platformsdk/libace_compatible.z.so(3079aaeecb2a3f18a463725f9839a1ba)
#05 pc 00000000001d0a2c /system/lib/ld-musl-aarch64.so.1(d5f6d7dc8423ef69e35b3451d02f9fa5)
#06 pc 00000000000aa27c /system/lib/ld-musl-aarch64.so.1(d5f6d7dc8423ef69e35b3451d02f9fa5)
Tid:22126, Name:ace.bg.5
#00 pc 00000000001cc238 /system/lib/ld-musl-aarch64.so.1(d5f6d7dc8423ef69e35b3451d02f9fa5)
#01 pc 00000000001ce30c /system/lib/ld-musl-aarch64.so.1(pthread_cond_timedwait+172)(d5f6d7dc8423ef69e35b3451d02f9fa5)
#02 pc 00000000000c4984 /system/lib64/chipset-sdk-sp/libc++.so(std::__h::condition_variable::wait(std::__h::unique_lock<std::__h::mutex>&)+32)(4c257fafd66f57a4f1f873163a520100e191a256)
#03 pc 00000000009ead74 /system/lib64/platformsdk/libace_compatible.z.so(3079aaeecb2a3f18a463725f9839a1ba)
#04 pc 00000000009eb064 /system/lib64/platformsdk/libace_compatible.z.so(3079aaeecb2a3f18a463725f9839a1ba)
#05 pc 00000000001d0a2c /system/lib/ld-musl-aarch64.so.1(d5f6d7dc8423ef69e35b3451d02f9fa5)
#06 pc 00000000000aa27c /system/lib/ld-musl-aarch64.so.1(d5f6d7dc8423ef69e35b3451d02f9fa5)
Tid:22127, Name:ace.bg.6
#00 pc 00000000001cc238 /system/lib/ld-musl-aarch64.so.1(d5f6d7dc8423ef69e35b3451d02f9fa5)
#01 pc 00000000001ce30c /system/lib/ld-musl-aarch64.so.1(pthread_cond_timedwait+172)(d5f6d7dc8423ef69e35b3451d02f9fa5)
#02 pc 00000000000c4984 /system/lib64/chipset-sdk-sp/libc++.so(std::__h::condition_variable::wait(std::__h::unique_lock<std::__h::mutex>&)+32)(4c257fafd66f57a4f1f873163a520100e191a256)
#03 pc 00000000009ead74 /system/lib64/platformsdk/libace_compatible.z.so(3079aaeecb2a3f18a463725f9839a1ba)
#04 pc 00000000009eb064 /system/lib64/platformsdk/libace_compatible.z.so(3079aaeecb2a3f18a463725f9839a1ba)
#05 pc 00000000001d0a2c /system/lib/ld-musl-aarch64.so.1(d5f6d7dc8423ef69e35b3451d02f9fa5)
#06 pc 00000000000aa27c /system/lib/ld-musl-aarch64.so.1(d5f6d7dc8423ef69e35b3451d02f9fa5)
Tid:22128, Name:ace.bg.7
#00 pc 00000000001cc238 /system/lib/ld-musl-aarch64.so.1(d5f6d7dc8423ef69e35b3451d02f9fa5)
#01 pc 00000000001ce30c /system/lib/ld-musl-aarch64.so.1(pthread_cond_timedwait+172)(d5f6d7dc8423ef69e35b3451d02f9fa5)
#02 pc 00000000000c4984 /system/lib64/chipset-sdk-sp/libc++.so(std::__h::condition_variable::wait(std::__h::unique_lock<std::__h::mutex>&)+32)(4c257fafd66f57a4f1f873163a520100e191a256)
#03 pc 00000000009ead74 /system/lib64/platformsdk/libace_compatible.z.so(3079aaeecb2a3f18a463725f9839a1ba)
#04 pc 00000000009eb064 /system/lib64/platformsdk/libace_compatible.z.so(3079aaeecb2a3f18a463725f9839a1ba)
#05 pc 00000000001d0a2c /system/lib/ld-musl-aarch64.so.1(d5f6d7dc8423ef69e35b3451d02f9fa5)
#06 pc 00000000000aa27c /system/lib/ld-musl-aarch64.so.1(d5f6d7dc8423ef69e35b3451d02f9fa5)
Tid:22129, Name:ace.bg.8
#00 pc 00000000001cc238 /system/lib/ld-musl-aarch64.so.1(d5f6d7dc8423ef69e35b3451d02f9fa5)
#01 pc 00000000001ce30c /system/lib/ld-musl-aarch64.so.1(pthread_cond_timedwait+172)(d5f6d7dc8423ef69e35b3451d02f9fa5)
#02 pc 00000000000c4984 /system/lib64/chipset-sdk-sp/libc++.so(std::__h::condition_variable::wait(std::__h::unique_lock<std::__h::mutex>&)+32)(4c257fafd66f57a4f1f873163a520100e191a256)
#03 pc 00000000009ead74 /system/lib64/platformsdk/libace_compatible.z.so(3079aaeecb2a3f18a463725f9839a1ba)
#04 pc 00000000009eb064 /system/lib64/platformsdk/libace_compatible.z.so(3079aaeecb2a3f18a463725f9839a1ba)
#05 pc 00000000001d0a2c /system/lib/ld-musl-aarch64.so.1(d5f6d7dc8423ef69e35b3451d02f9fa5)
#06 pc 00000000000aa27c /system/lib/ld-musl-aarch64.so.1(d5f6d7dc8423ef69e35b3451d02f9fa5)
Tid:22130, Name:OS_FFRT_2_1
#00 pc 00000000001cc238 /system/lib/ld-musl-aarch64.so.1(d5f6d7dc8423ef69e35b3451d02f9fa5)
#01 pc 00000000001ce30c /system/lib/ld-musl-aarch64.so.1(pthread_cond_timedwait+172)(d5f6d7dc8423ef69e35b3451d02f9fa5)
#02 pc 000000000008dc2c /system/lib64/ndk/libffrt.so(ffrt::SExecuteUnit::WorkerIdleAction(ffrt::CPUWorker*)+368)(835625cb02c0975357d8f3aba36680cc)
#03 pc 000000000007a5d8 /system/lib64/ndk/libffrt.so(ffrt::CPUWorker::WorkerLooper(ffrt::CPUWorker*)+196)(835625cb02c0975357d8f3aba36680cc)
#04 pc 000000000007a2f0 /system/lib64/ndk/libffrt.so(ffrt::CPUWorker::Dispatch(ffrt::CPUWorker*)+156)(835625cb02c0975357d8f3aba36680cc)
#05 pc 000000000007a07c /system/lib64/ndk/libffrt.so(ffrt::CPUWorker::WrapDispatch(void*)+52)(835625cb02c0975357d8f3aba36680cc)
#06 pc 00000000001d0a2c /system/lib/ld-musl-aarch64.so.1(d5f6d7dc8423ef69e35b3451d02f9fa5)
#07 pc 00000000000aa27c /system/lib/ld-musl-aarch64.so.1(d5f6d7dc8423ef69e35b3451d02f9fa5)
#08 pc 0000000000079f30 /system/lib64/ndk/libffrt.so(835625cb02c0975357d8f3aba36680cc)
Tid:22148, Name:OS_FFRT_2_2
#00 pc 00000000001cc238 /system/lib/ld-musl-aarch64.so.1(d5f6d7dc8423ef69e35b3451d02f9fa5)
#01 pc 00000000001ce30c /system/lib/ld-musl-aarch64.so.1(pthread_cond_timedwait+172)(d5f6d7dc8423ef69e35b3451d02f9fa5)
#02 pc 000000000008dc2c /system/lib64/ndk/libffrt.so(ffrt::SExecuteUnit::WorkerIdleAction(ffrt::CPUWorker*)+368)(835625cb02c0975357d8f3aba36680cc)
#03 pc 000000000007a5d8 /system/lib64/ndk/libffrt.so(ffrt::CPUWorker::WorkerLooper(ffrt::CPUWorker*)+196)(835625cb02c0975357d8f3aba36680cc)
#04 pc 000000000007a2f0 /system/lib64/ndk/libffrt.so(ffrt::CPUWorker::Dispatch(ffrt::CPUWorker*)+156)(835625cb02c0975357d8f3aba36680cc)
#05 pc 000000000007a07c /system/lib64/ndk/libffrt.so(ffrt::CPUWorker::WrapDispatch(void*)+52)(835625cb02c0975357d8f3aba36680cc)
#06 pc 00000000001d0a2c /system/lib/ld-musl-aarch64.so.1(d5f6d7dc8423ef69e35b3451d02f9fa5)
#07 pc 00000000000aa27c /system/lib/ld-musl-aarch64.so.1(d5f6d7dc8423ef69e35b3451d02f9fa5)
Tid:22151, Name:TaskExecutorRDB
#00 pc 00000000001cc238 /system/lib/ld-musl-aarch64.so.1(d5f6d7dc8423ef69e35b3451d02f9fa5)
#01 pc 00000000001ce30c /system/lib/ld-musl-aarch64.so.1(pthread_cond_timedwait+172)(d5f6d7dc8423ef69e35b3451d02f9fa5)
#02 pc 0000000000050514 /system/lib64/platformsdk/libnative_rdb.z.so(60114151c59911cf0a5c639f0593b8cd)
#03 pc 000000000004ff84 /system/lib64/platformsdk/libnative_rdb.z.so(60114151c59911cf0a5c639f0593b8cd)
#04 pc 000000000004fcd4 /system/lib64/platformsdk/libnative_rdb.z.so(60114151c59911cf0a5c639f0593b8cd)
#05 pc 000000000004fad0 /system/lib64/platformsdk/libnative_rdb.z.so(60114151c59911cf0a5c639f0593b8cd)
#06 pc 00000000001d0a2c /system/lib/ld-musl-aarch64.so.1(d5f6d7dc8423ef69e35b3451d02f9fa5)
#07 pc 00000000000aa27c /system/lib/ld-musl-aarch64.so.1(d5f6d7dc8423ef69e35b3451d02f9fa5)
#08 pc 00000000001d2154 /system/lib/ld-musl-aarch64.so.1(d5f6d7dc8423ef69e35b3451d02f9fa5)
#09 pc 00000000000479f0 /system/lib64/platformsdk/libsqlite.z.so(b48cc8ac5827c4de55b1d
